[2026-05-02T23:53:31.226Z] INFO  [server] Artesanías Colombianas API corriendo en http://localhost:3001
[2026-05-02T23:53:31.245Z] INFO  [server] Logs guardados en: logs/app.log
[2026-05-02T23:55:11.007Z] INFO  [http] GET /me → 304 (110ms)
[2026-05-02T23:55:11.024Z] INFO  [http] GET /me → 304 (8ms)
[2026-05-02T23:55:11.048Z] WARN  [http] 404 GET /uploads/1777756521608-e771ybtshm.jpg
[2026-05-02T23:55:11.062Z] WARN  [http] GET /uploads/1777756521608-e771ybtshm.jpg → 404 (17ms)
[2026-05-02T23:55:11.230Z] INFO  [http] GET / → 304 (23ms)
[2026-05-02T23:55:11.256Z] INFO  [http] GET / → 304 (44ms)
[2026-05-02T23:55:11.275Z] WARN  [http] GET /uploads/1777764117835-gdveu9bty4m.jpg → 404 (10ms)
[2026-05-02T23:55:11.273Z] WARN  [http] 404 GET /uploads/1777764117835-gdveu9bty4m.jpg
[2026-05-02T23:55:11.288Z] INFO  [http] GET / → 304 (26ms)
[2026-05-02T23:55:11.296Z] INFO  [http] GET / → 304 (29ms)
[2026-05-02T23:55:13.045Z] WARN  [http] 404 GET /uploads/1777756521608-e771ybtshm.jpg
[2026-05-02T23:55:13.049Z] WARN  [http] GET /uploads/1777756521608-e771ybtshm.jpg → 404 (4ms)
[2026-05-02T23:55:13.103Z] INFO  [http] GET / → 304 (26ms)
[2026-05-02T23:55:13.115Z] INFO  [http] GET / → 304 (5ms)
[2026-05-02T23:55:15.487Z] WARN  [http] 404 GET /uploads/1777756521608-e771ybtshm.jpg
[2026-05-02T23:55:15.496Z] WARN  [http] GET /uploads/1777756521608-e771ybtshm.jpg → 404 (10ms)
[2026-05-02T23:55:15.511Z] INFO  [http] GET / → 304 (10ms)
[2026-05-02T23:55:15.529Z] INFO  [http] GET / → 304 (6ms)
[2026-05-02T23:55:15.533Z] WARN  [http] 404 GET /uploads/1777764117835-gdveu9bty4m.jpg
[2026-05-02T23:55:15.544Z] WARN  [http] GET /uploads/1777764117835-gdveu9bty4m.jpg → 404 (12ms)
[2026-05-02T23:55:16.511Z] WARN  [http] 404 GET /uploads/1777756521608-e771ybtshm.jpg
[2026-05-02T23:55:16.518Z] WARN  [http] GET /uploads/1777756521608-e771ybtshm.jpg → 404 (7ms)
[2026-05-02T23:55:17.141Z] INFO  [http] GET / → 304 (607ms)
[2026-05-02T23:55:17.182Z] WARN  [http] 404 GET /uploads/1777765407552-c9ef4puzj8.jpg
[2026-05-02T23:55:17.184Z] WARN  [http] GET /uploads/1777765407552-c9ef4puzj8.jpg → 404 (6ms)
[2026-05-02T23:55:17.186Z] WARN  [http] 404 GET /uploads/1777765415692-kf62gsl495k.jpg
[2026-05-02T23:55:17.190Z] WARN  [http] GET /uploads/1777765415692-kf62gsl495k.jpg → 404 (11ms)
[2026-05-02T23:55:17.190Z] WARN  [http] 404 GET /uploads/1777765423587-ld4aph33zo.jpg
[2026-05-02T23:55:17.195Z] WARN  [http] GET /uploads/1777765423587-ld4aph33zo.jpg → 404 (15ms)
[2026-05-02T23:55:17.197Z] WARN  [http] 404 GET /uploads/1777765394001-77nzj1rpm2w.jpg
[2026-05-02T23:55:17.198Z] WARN  [http] GET /uploads/1777765394001-77nzj1rpm2w.jpg → 404 (17ms)
[2026-05-02T23:55:17.202Z] WARN  [http] GET /uploads/1777765400320-z3rjfh7tuk.jpg → 404 (20ms)
[2026-05-02T23:55:17.200Z] WARN  [http] 404 GET /uploads/1777765400320-z3rjfh7tuk.jpg
[2026-05-02T23:55:17.205Z] WARN  [http] 404 GET /uploads/1777765430503-ji294uf0ron.jpg
[2026-05-02T23:55:17.208Z] WARN  [http] GET /uploads/1777765430503-ji294uf0ron.jpg → 404 (8ms)
[2026-05-02T23:55:17.341Z] WARN  [http] 404 GET /uploads/1777756521608-e771ybtshm.jpg
[2026-05-02T23:55:17.343Z] WARN  [http] GET /uploads/1777756521608-e771ybtshm.jpg → 404 (2ms)
[2026-05-02T23:55:17.349Z] INFO  [http] GET / → 304 (4ms)
[2026-05-02T23:55:17.371Z] INFO  [http] GET / → 304 (8ms)
[2026-05-02T23:55:17.549Z] INFO  [http] GET / → 304 (392ms)
[2026-05-02T23:55:19.525Z] WARN  [http] GET /23 → 403 (8ms)
[2026-05-02T23:55:21.357Z] WARN  [http] GET /19 → 403 (7ms)
[2026-05-02T23:55:42.328Z] INFO  [http] POST /login → 200 (11ms)
[2026-05-02T23:55:42.395Z] WARN  [http] 404 GET /uploads/1777756746031-5cv1s5do31a.jpg
[2026-05-02T23:55:42.410Z] WARN  [http] GET /uploads/1777756746031-5cv1s5do31a.jpg → 404 (16ms)
[2026-05-02T23:55:42.504Z] INFO  [http] GET / → 304 (72ms)
[2026-05-02T23:55:42.445Z] INFO  [http] GET / → 304 (19ms)
[2026-05-02T23:55:42.556Z] WARN  [http] 404 GET /uploads/1777765394001-77nzj1rpm2w.jpg
[2026-05-02T23:55:42.575Z] WARN  [http] GET /uploads/1777765394001-77nzj1rpm2w.jpg → 404 (29ms)
[2026-05-02T23:55:42.582Z] WARN  [http] 404 GET /uploads/1777765400320-z3rjfh7tuk.jpg
[2026-05-02T23:55:42.590Z] WARN  [http] GET /uploads/1777765400320-z3rjfh7tuk.jpg → 404 (43ms)
[2026-05-02T23:55:42.593Z] WARN  [http] 404 GET /uploads/1777765407552-c9ef4puzj8.jpg
[2026-05-02T23:55:42.594Z] WARN  [http] GET /uploads/1777765407552-c9ef4puzj8.jpg → 404 (47ms)
[2026-05-02T23:55:42.596Z] WARN  [http] 404 GET /uploads/1777765415692-kf62gsl495k.jpg
[2026-05-02T23:55:42.597Z] WARN  [http] GET /uploads/1777765415692-kf62gsl495k.jpg → 404 (50ms)
[2026-05-02T23:55:42.599Z] WARN  [http] 404 GET /uploads/1777765423587-ld4aph33zo.jpg
[2026-05-02T23:55:42.606Z] WARN  [http] GET /uploads/1777765423587-ld4aph33zo.jpg → 404 (58ms)
[2026-05-02T23:55:42.606Z] WARN  [http] 404 GET /uploads/1777765430503-ji294uf0ron.jpg
[2026-05-02T23:55:42.608Z] WARN  [http] GET /uploads/1777765430503-ji294uf0ron.jpg → 404 (59ms)
[2026-05-02T23:55:42.614Z] INFO  [http] GET / → 304 (84ms)
[2026-05-02T23:55:44.416Z] WARN  [http] 404 GET /uploads/1777765394001-77nzj1rpm2w.jpg
[2026-05-02T23:55:44.419Z] WARN  [http] GET /uploads/1777765394001-77nzj1rpm2w.jpg → 404 (3ms)
[2026-05-02T23:55:48.931Z] INFO  [http] POST /image → 200 (40ms)
[2026-05-02T23:55:48.975Z] INFO  [http] GET /1777766148910-dmxgvg4o8do.jpg → 200 (18ms)
[2026-05-02T23:55:49.974Z] INFO  [products.update] Editando producto ID=8
  Detail: {
  "name": "camisa mujer",
  "price": 82,
  "stock": 77
}
[2026-05-02T23:55:49.984Z] INFO  [products.update] Producto ID=8 actualizado
[2026-05-02T23:55:49.987Z] INFO  [http] PUT /8 → 200 (19ms)
[2026-05-02T23:55:50.002Z] INFO  [http] GET / → 200 (5ms)
[2026-05-02T23:55:50.030Z] WARN  [http] 404 GET /uploads/1777765400320-z3rjfh7tuk.jpg
[2026-05-02T23:55:50.038Z] WARN  [http] GET /uploads/1777765400320-z3rjfh7tuk.jpg → 404 (11ms)
[2026-05-02T23:55:50.046Z] WARN  [http] 404 GET /uploads/1777765407552-c9ef4puzj8.jpg
[2026-05-02T23:55:50.048Z] WARN  [http] GET /uploads/1777765407552-c9ef4puzj8.jpg → 404 (8ms)
[2026-05-02T23:55:50.059Z] WARN  [http] 404 GET /uploads/1777765415692-kf62gsl495k.jpg
[2026-05-02T23:55:50.061Z] WARN  [http] GET /uploads/1777765415692-kf62gsl495k.jpg → 404 (16ms)
[2026-05-02T23:55:50.064Z] WARN  [http] 404 GET /uploads/1777765423587-ld4aph33zo.jpg
[2026-05-02T23:55:50.073Z] WARN  [http] 404 GET /uploads/1777765430503-ji294uf0ron.jpg
[2026-05-02T23:55:50.066Z] WARN  [http] GET /uploads/1777765423587-ld4aph33zo.jpg → 404 (4ms)
[2026-05-02T23:55:50.075Z] WARN  [http] GET /uploads/1777765430503-ji294uf0ron.jpg → 404 (12ms)
[2026-05-02T23:55:50.843Z] WARN  [http] 404 GET /uploads/1777765400320-z3rjfh7tuk.jpg
[2026-05-02T23:55:50.845Z] WARN  [http] GET /uploads/1777765400320-z3rjfh7tuk.jpg → 404 (3ms)
[2026-05-02T23:55:56.141Z] INFO  [http] POST /image → 200 (17ms)
[2026-05-02T23:55:56.158Z] INFO  [http] GET /1777766156127-qgt5yfrihnp.jpg → 200 (5ms)
[2026-05-02T23:55:58.223Z] INFO  [products.update] Editando producto ID=7
  Detail: {
  "name": "camisa mujer",
  "price": 10000,
  "stock": 83
}
[2026-05-02T23:55:58.229Z] INFO  [products.update] Producto ID=7 actualizado
[2026-05-02T23:55:58.231Z] INFO  [http] PUT /7 → 200 (16ms)
[2026-05-02T23:55:58.248Z] INFO  [http] GET / → 200 (4ms)
[2026-05-02T23:55:58.273Z] WARN  [http] 404 GET /uploads/1777765407552-c9ef4puzj8.jpg
[2026-05-02T23:55:58.277Z] WARN  [http] GET /uploads/1777765407552-c9ef4puzj8.jpg → 404 (8ms)
[2026-05-02T23:55:58.279Z] WARN  [http] 404 GET /uploads/1777765415692-kf62gsl495k.jpg
[2026-05-02T23:55:58.280Z] WARN  [http] GET /uploads/1777765415692-kf62gsl495k.jpg → 404 (8ms)
[2026-05-02T23:55:58.282Z] WARN  [http] 404 GET /uploads/1777765423587-ld4aph33zo.jpg
[2026-05-02T23:55:58.288Z] WARN  [http] GET /uploads/1777765423587-ld4aph33zo.jpg → 404 (10ms)
[2026-05-02T23:55:58.295Z] WARN  [http] 404 GET /uploads/1777765430503-ji294uf0ron.jpg
[2026-05-02T23:55:58.297Z] WARN  [http] GET /uploads/1777765430503-ji294uf0ron.jpg → 404 (4ms)
[2026-05-02T23:56:01.132Z] WARN  [http] 404 GET /uploads/1777765415692-kf62gsl495k.jpg
[2026-05-02T23:56:01.135Z] WARN  [http] GET /uploads/1777765415692-kf62gsl495k.jpg → 404 (4ms)
[2026-05-02T23:56:05.696Z] INFO  [http] POST /image → 200 (8ms)
[2026-05-02T23:56:05.712Z] INFO  [http] GET /1777766165692-0obkpxfqjlio.jpg → 200 (3ms)
[2026-05-02T23:56:06.888Z] INFO  [products.update] Editando producto ID=5
  Detail: {
  "name": "Numquam ea aliquid d",
  "price": 38,
  "stock": 63
}
[2026-05-02T23:56:06.907Z] INFO  [http] PUT /5 → 200 (23ms)
[2026-05-02T23:56:06.906Z] INFO  [products.update] Producto ID=5 actualizado
[2026-05-02T23:56:06.926Z] INFO  [http] GET / → 200 (6ms)
[2026-05-02T23:56:06.944Z] WARN  [http] 404 GET /uploads/1777765407552-c9ef4puzj8.jpg
[2026-05-02T23:56:06.945Z] WARN  [http] GET /uploads/1777765407552-c9ef4puzj8.jpg → 404 (2ms)
[2026-05-02T23:56:06.947Z] WARN  [http] 404 GET /uploads/1777765423587-ld4aph33zo.jpg
[2026-05-02T23:56:06.954Z] WARN  [http] GET /uploads/1777765423587-ld4aph33zo.jpg → 404 (8ms)
[2026-05-02T23:56:06.960Z] WARN  [http] 404 GET /uploads/1777765430503-ji294uf0ron.jpg
[2026-05-02T23:56:06.962Z] WARN  [http] GET /uploads/1777765430503-ji294uf0ron.jpg → 404 (16ms)
[2026-05-02T23:56:09.204Z] WARN  [http] 404 GET /uploads/1777756746031-5cv1s5do31a.jpg
[2026-05-02T23:56:09.208Z] WARN  [http] GET /uploads/1777756746031-5cv1s5do31a.jpg → 404 (10ms)
[2026-05-02T23:56:09.222Z] INFO  [http] GET /6 → 200 (11ms)
[2026-05-02T23:56:09.246Z] WARN  [http] 404 GET /uploads/1777765407552-c9ef4puzj8.jpg
[2026-05-02T23:56:09.247Z] WARN  [http] GET /uploads/1777765407552-c9ef4puzj8.jpg → 404 (2ms)
[2026-05-02T23:56:09.258Z] INFO  [http] GET /6 → 304 (18ms)
[2026-05-02T23:56:09.615Z] INFO  [http] GET / → 200 (402ms)
[2026-05-02T23:56:09.643Z] WARN  [http] 404 GET /uploads/1777765423587-ld4aph33zo.jpg
[2026-05-02T23:56:09.644Z] WARN  [http] GET /uploads/1777765423587-ld4aph33zo.jpg → 404 (2ms)
[2026-05-02T23:56:09.645Z] WARN  [http] 404 GET /uploads/1777765430503-ji294uf0ron.jpg
[2026-05-02T23:56:09.647Z] WARN  [http] GET /uploads/1777765430503-ji294uf0ron.jpg → 404 (5ms)
[2026-05-02T23:56:10.007Z] INFO  [http] GET / → 304 (381ms)
[2026-05-02T23:56:10.885Z] WARN  [http] 404 GET /uploads/1777756746031-5cv1s5do31a.jpg
[2026-05-02T23:56:10.890Z] WARN  [http] GET /uploads/1777756746031-5cv1s5do31a.jpg → 404 (6ms)
[2026-05-02T23:56:10.908Z] INFO  [http] GET / → 304 (13ms)
[2026-05-02T23:56:10.924Z] INFO  [http] GET / → 304 (8ms)
[2026-05-02T23:56:10.932Z] WARN  [http] 404 GET /uploads/1777765407552-c9ef4puzj8.jpg
[2026-05-02T23:56:10.938Z] WARN  [http] GET /uploads/1777765407552-c9ef4puzj8.jpg → 404 (7ms)
[2026-05-02T23:56:10.940Z] WARN  [http] 404 GET /uploads/1777765423587-ld4aph33zo.jpg
[2026-05-02T23:56:10.946Z] WARN  [http] GET /uploads/1777765423587-ld4aph33zo.jpg → 404 (15ms)
[2026-05-02T23:56:10.957Z] WARN  [http] 404 GET /uploads/1777765430503-ji294uf0ron.jpg
[2026-05-02T23:56:10.962Z] WARN  [http] GET /uploads/1777765430503-ji294uf0ron.jpg → 404 (30ms)
[2026-05-02T23:56:12.011Z] WARN  [http] 404 GET /uploads/1777765407552-c9ef4puzj8.jpg
[2026-05-02T23:56:12.014Z] WARN  [http] GET /uploads/1777765407552-c9ef4puzj8.jpg → 404 (4ms)
[2026-05-02T23:56:15.977Z] INFO  [http] POST /image → 200 (12ms)
[2026-05-02T23:56:15.995Z] INFO  [http] GET /1777766175968-mr4pyt64f7c.jpg → 200 (2ms)
[2026-05-02T23:56:17.131Z] INFO  [products.update] Editando producto ID=6
  Detail: {
  "name": "camisa mujer",
  "price": 68,
  "stock": 22
}
[2026-05-02T23:56:17.137Z] INFO  [products.update] Producto ID=6 actualizado
[2026-05-02T23:56:17.140Z] INFO  [http] PUT /6 → 200 (13ms)
[2026-05-02T23:56:17.160Z] INFO  [http] GET / → 200 (10ms)
[2026-05-02T23:56:17.180Z] WARN  [http] 404 GET /uploads/1777765423587-ld4aph33zo.jpg
[2026-05-02T23:56:17.181Z] WARN  [http] GET /uploads/1777765423587-ld4aph33zo.jpg → 404 (2ms)
[2026-05-02T23:56:17.183Z] WARN  [http] 404 GET /uploads/1777765430503-ji294uf0ron.jpg
[2026-05-02T23:56:17.186Z] WARN  [http] GET /uploads/1777765430503-ji294uf0ron.jpg → 404 (6ms)
[2026-05-02T23:56:23.043Z] INFO  [http] POST /image → 200 (12ms)
[2026-05-02T23:56:23.082Z] INFO  [http] GET /1777766183033-rq72yu2j609.jpg → 200 (6ms)
[2026-05-02T23:56:24.027Z] INFO  [products.update] Editando producto ID=5
  Detail: {
  "name": "Numquam ea aliquid d",
  "price": 38,
  "stock": 63
}
[2026-05-02T23:56:24.042Z] INFO  [products.update] Producto ID=5 actualizado
[2026-05-02T23:56:24.043Z] INFO  [http] PUT /5 → 200 (20ms)
[2026-05-02T23:56:24.061Z] INFO  [http] GET / → 200 (7ms)
[2026-05-02T23:56:24.086Z] WARN  [http] 404 GET /uploads/1777765423587-ld4aph33zo.jpg
[2026-05-02T23:56:24.090Z] WARN  [http] GET /uploads/1777765423587-ld4aph33zo.jpg → 404 (6ms)
[2026-05-02T23:56:24.092Z] WARN  [http] 404 GET /uploads/1777765430503-ji294uf0ron.jpg
[2026-05-02T23:56:24.107Z] WARN  [http] GET /uploads/1777765430503-ji294uf0ron.jpg → 404 (23ms)
[2026-05-02T23:56:25.060Z] WARN  [http] 404 GET /uploads/1777765423587-ld4aph33zo.jpg
[2026-05-02T23:56:25.061Z] WARN  [http] GET /uploads/1777765423587-ld4aph33zo.jpg → 404 (1ms)
[2026-05-02T23:56:30.948Z] INFO  [http] POST /image → 200 (5ms)
[2026-05-02T23:56:30.969Z] INFO  [http] GET /1777766190945-6qow09q4n0n.jpg → 200 (5ms)
[2026-05-02T23:56:31.981Z] INFO  [products.update] Editando producto ID=3
  Detail: {
  "name": "pantalon",
  "price": 60,
  "stock": 55
}
[2026-05-02T23:56:31.985Z] INFO  [products.update] Producto ID=3 actualizado
[2026-05-02T23:56:31.988Z] INFO  [http] PUT /3 → 200 (9ms)
[2026-05-02T23:56:32.010Z] INFO  [http] GET / → 200 (11ms)
[2026-05-02T23:56:32.036Z] WARN  [http] 404 GET /uploads/1777765430503-ji294uf0ron.jpg
[2026-05-02T23:56:32.042Z] WARN  [http] GET /uploads/1777765430503-ji294uf0ron.jpg → 404 (9ms)
[2026-05-02T23:56:33.068Z] WARN  [http] 404 GET /uploads/1777765430503-ji294uf0ron.jpg
[2026-05-02T23:56:33.070Z] WARN  [http] GET /uploads/1777765430503-ji294uf0ron.jpg → 404 (4ms)
[2026-05-02T23:56:37.826Z] INFO  [http] POST /image → 200 (18ms)
[2026-05-02T23:56:37.849Z] INFO  [http] GET /1777766197810-nhzoo4ka3za.jpg → 200 (4ms)
[2026-05-02T23:56:39.543Z] INFO  [products.update] Editando producto ID=2
  Detail: {
  "name": "camiseta homber",
  "price": 55,
  "stock": 2
}
[2026-05-02T23:56:39.557Z] INFO  [products.update] Producto ID=2 actualizado
[2026-05-02T23:56:39.558Z] INFO  [http] PUT /2 → 200 (19ms)
[2026-05-02T23:56:39.580Z] INFO  [http] GET / → 200 (6ms)
[2026-05-02T23:56:42.036Z] WARN  [http] GET /uploads/1777756746031-5cv1s5do31a.jpg → 404 (14ms)
[2026-05-02T23:56:42.025Z] WARN  [http] 404 GET /uploads/1777756746031-5cv1s5do31a.jpg
[2026-05-02T23:56:42.452Z] INFO  [http] GET / → 200 (407ms)
[2026-05-02T23:56:42.845Z] INFO  [http] GET / → 304 (386ms)
[2026-05-02T23:57:14.027Z] INFO  [orders.create] Orden vinculada al cliente ID=21 (marlonaguindab@gmail.com)
[2026-05-02T23:57:14.057Z] INFO  [http] POST / → 201 (35ms)
[2026-05-02T23:57:14.112Z] WARN  [http] 404 GET /uploads/1777756746031-5cv1s5do31a.jpg
[2026-05-02T23:57:14.117Z] WARN  [http] GET /uploads/1777756746031-5cv1s5do31a.jpg → 404 (6ms)
[2026-05-02T23:57:14.133Z] INFO  [http] GET / → 200 (11ms)
[2026-05-02T23:57:14.150Z] INFO  [http] GET / → 304 (7ms)
[2026-05-02T23:57:18.842Z] WARN  [http] 404 GET /uploads/1777756746031-5cv1s5do31a.jpg
[2026-05-02T23:57:18.844Z] WARN  [http] GET /uploads/1777756746031-5cv1s5do31a.jpg → 404 (2ms)
[2026-05-02T23:57:18.888Z] INFO  [http] GET / → 304 (32ms)
[2026-05-02T23:57:18.891Z] INFO  [http] GET / → 200 (33ms)
[2026-05-02T23:57:18.915Z] INFO  [http] GET / → 304 (17ms)
[2026-05-02T23:57:18.924Z] INFO  [http] GET / → 304 (14ms)
[2026-05-02T23:57:18.928Z] INFO  [http] GET / → 304 (66ms)
[2026-05-02T23:57:18.931Z] WARN  [http] GET /stock-alerts → 404 (65ms)
[2026-05-02T23:57:18.952Z] INFO  [http] GET / → 304 (9ms)
[2026-05-02T23:57:18.957Z] WARN  [http] GET /stock-alerts → 404 (10ms)
[2026-05-02T23:57:26.022Z] WARN  [http] 404 GET /uploads/1777756746031-5cv1s5do31a.jpg
[2026-05-02T23:57:26.032Z] WARN  [http] GET /uploads/1777756746031-5cv1s5do31a.jpg → 404 (16ms)
[2026-05-02T23:57:26.055Z] INFO  [http] GET / → 304 (11ms)
[2026-05-02T23:57:26.066Z] INFO  [http] GET / → 304 (6ms)
[2026-05-02T23:57:32.531Z] INFO  [http] GET /27 → 200 (12ms)
[2026-05-02T23:57:34.854Z] INFO  [http] GET /25 → 200 (6ms)
[2026-05-02T23:57:40.372Z] WARN  [http] 404 GET /uploads/1777756746031-5cv1s5do31a.jpg
[2026-05-02T23:57:40.379Z] INFO  [http] GET / → 304 (25ms)
[2026-05-02T23:57:40.374Z] WARN  [http] GET /uploads/1777756746031-5cv1s5do31a.jpg → 404 (2ms)
[2026-05-02T23:57:40.404Z] INFO  [http] GET / → 304 (8ms)
[2026-05-02T23:57:42.277Z] INFO  [http] GET /25 → 304 (5ms)
[2026-05-02T23:57:45.769Z] WARN  [http] 404 GET /uploads/1777756746031-5cv1s5do31a.jpg
[2026-05-02T23:57:45.774Z] WARN  [http] GET /uploads/1777756746031-5cv1s5do31a.jpg → 404 (6ms)
[2026-05-02T23:57:45.798Z] INFO  [http] GET / → 304 (22ms)
[2026-05-02T23:57:45.828Z] INFO  [http] GET / → 304 (14ms)
[2026-05-02T23:57:46.892Z] WARN  [http] 404 GET /uploads/1777756746031-5cv1s5do31a.jpg
[2026-05-02T23:57:46.904Z] WARN  [http] GET /uploads/1777756746031-5cv1s5do31a.jpg → 404 (13ms)
[2026-05-02T23:57:46.922Z] INFO  [http] GET / → 304 (12ms)
[2026-05-02T23:57:46.957Z] WARN  [http] 404 GET /uploads/1777756746031-5cv1s5do31a.jpg
[2026-05-02T23:57:46.964Z] WARN  [http] GET /uploads/1777756746031-5cv1s5do31a.jpg → 404 (17ms)
[2026-05-02T23:57:46.976Z] WARN  [http] 404 GET /uploads/1777756521608-e771ybtshm.jpg
[2026-05-02T23:57:46.992Z] WARN  [http] GET /uploads/1777756521608-e771ybtshm.jpg → 404 (45ms)
[2026-05-02T23:57:47.022Z] INFO  [http] GET / → 304 (83ms)
[2026-05-02T23:57:47.028Z] WARN  [http] 404 GET /uploads/1777764117835-gdveu9bty4m.jpg
[2026-05-02T23:57:47.029Z] WARN  [http] GET /uploads/1777764117835-gdveu9bty4m.jpg → 404 (73ms)
[2026-05-02T23:57:50.201Z] WARN  [http] 404 GET /uploads/1777756746031-5cv1s5do31a.jpg
[2026-05-02T23:57:50.205Z] WARN  [http] GET /uploads/1777756746031-5cv1s5do31a.jpg → 404 (5ms)
[2026-05-02T23:57:50.214Z] INFO  [http] GET /me → 200 (7ms)
[2026-05-02T23:57:50.227Z] INFO  [http] GET /me → 304 (5ms)
[2026-05-02T23:57:50.232Z] WARN  [http] 404 GET /uploads/1777756746031-5cv1s5do31a.jpg
[2026-05-02T23:57:50.233Z] WARN  [http] GET /uploads/1777756746031-5cv1s5do31a.jpg → 404 (2ms)
[2026-05-02T23:57:54.447Z] INFO  [http] POST /image → 200 (4ms)
[2026-05-02T23:57:54.478Z] INFO  [[updateMe]] Actualizando perfil ID=1
[2026-05-02T23:57:54.491Z] INFO  [http] GET /1777766274445-4j7aaf4efnd.jpg → 200 (18ms)
[2026-05-02T23:57:54.503Z] INFO  [http] PUT /me → 200 (29ms)
[2026-05-02T23:57:54.874Z] INFO  [[updateMe]] Actualizando perfil ID=1
[2026-05-02T23:57:54.878Z] INFO  [http] PUT /me → 200 (6ms)
[2026-05-02T23:57:57.539Z] WARN  [http] 404 GET /uploads/1777756746031-5cv1s5do31a.jpg
[2026-05-02T23:57:57.541Z] WARN  [http] GET /uploads/1777756746031-5cv1s5do31a.jpg → 404 (3ms)
[2026-05-02T23:57:57.557Z] INFO  [http] GET / → 200 (14ms)
[2026-05-02T23:57:57.577Z] INFO  [http] GET / → 304 (14ms)
[2026-05-02T23:57:57.591Z] WARN  [http] 404 GET /uploads/1777756521608-e771ybtshm.jpg
[2026-05-02T23:57:57.594Z] WARN  [http] GET /uploads/1777756521608-e771ybtshm.jpg → 404 (5ms)
[2026-05-02T23:57:57.595Z] WARN  [http] 404 GET /uploads/1777764117835-gdveu9bty4m.jpg
[2026-05-02T23:57:57.596Z] WARN  [http] GET /uploads/1777764117835-gdveu9bty4m.jpg → 404 (6ms)
[2026-05-02T23:57:59.665Z] INFO  [http] GET /me → 200 (3ms)
[2026-05-02T23:57:59.693Z] INFO  [http] GET /me → 304 (5ms)
[2026-05-02T23:57:59.742Z] INFO  [http] GET /1777766274445-4j7aaf4efnd.jpg → 304 (2ms)
[2026-05-02T23:57:59.828Z] INFO  [http] GET / → 304 (6ms)
[2026-05-02T23:57:59.855Z] INFO  [http] GET / → 304 (31ms)
[2026-05-02T23:57:59.874Z] INFO  [http] GET / → 304 (31ms)
[2026-05-02T23:57:59.907Z] WARN  [http] GET /uploads/1777756521608-e771ybtshm.jpg → 404 (17ms)
[2026-05-02T23:57:59.896Z] WARN  [http] 404 GET /uploads/1777756521608-e771ybtshm.jpg
[2026-05-02T23:57:59.908Z] WARN  [http] 404 GET /uploads/1777764117835-gdveu9bty4m.jpg
[2026-05-02T23:57:59.912Z] WARN  [http] GET /uploads/1777764117835-gdveu9bty4m.jpg → 404 (20ms)
[2026-05-02T23:57:59.925Z] INFO  [http] GET / → 304 (37ms)
[2026-05-02T23:58:05.122Z] INFO  [http] GET / → 304 (9ms)
[2026-05-02T23:58:05.143Z] INFO  [http] GET / → 304 (13ms)
[2026-05-02T23:58:07.640Z] INFO  [http] GET / → 304 (9ms)
[2026-05-02T23:58:07.663Z] INFO  [http] GET / → 304 (7ms)
[2026-05-02T23:58:07.681Z] INFO  [http] GET /1777766148910-dmxgvg4o8do.jpg → 304 (6ms)
[2026-05-02T23:58:07.689Z] INFO  [http] GET /1777766156127-qgt5yfrihnp.jpg → 304 (12ms)
[2026-05-02T23:58:07.692Z] INFO  [http] GET /1777766175968-mr4pyt64f7c.jpg → 304 (14ms)
[2026-05-02T23:58:07.694Z] INFO  [http] GET /1777766183033-rq72yu2j609.jpg → 304 (14ms)
[2026-05-02T23:58:07.695Z] INFO  [http] GET /1777766190945-6qow09q4n0n.jpg → 304 (16ms)
[2026-05-02T23:58:07.706Z] INFO  [http] GET /1777766197810-nhzoo4ka3za.jpg → 304 (26ms)
[2026-05-02T23:58:08.828Z] INFO  [http] GET / → 200 (382ms)
[2026-05-02T23:58:09.200Z] INFO  [http] GET / → 304 (364ms)
[2026-05-02T23:58:29.404Z] INFO  [orders.create] Orden vinculada al cliente ID=21 (marlonaguindab@gmail.com)
[2026-05-02T23:58:29.419Z] INFO  [http] POST / → 201 (18ms)
[2026-05-02T23:58:29.472Z] INFO  [http] GET / → 200 (6ms)
[2026-05-02T23:58:29.487Z] INFO  [http] GET / → 304 (6ms)
[2026-05-02T23:58:33.435Z] INFO  [http] GET / → 200 (3ms)
[2026-05-02T23:58:33.453Z] INFO  [http] GET / → 304 (8ms)
[2026-05-02T23:58:33.472Z] INFO  [http] GET /1777766156127-qgt5yfrihnp.jpg → 304 (6ms)
[2026-05-02T23:58:33.474Z] INFO  [http] GET /1777766148910-dmxgvg4o8do.jpg → 304 (8ms)
[2026-05-02T23:58:33.482Z] INFO  [http] GET /1777766175968-mr4pyt64f7c.jpg → 304 (13ms)
[2026-05-02T23:58:33.485Z] INFO  [http] GET /1777766183033-rq72yu2j609.jpg → 304 (16ms)
[2026-05-02T23:58:33.488Z] INFO  [http] GET /1777766190945-6qow09q4n0n.jpg → 304 (16ms)
[2026-05-02T23:58:55.695Z] INFO  [http] POST /login → 200 (9ms)
[2026-05-02T23:58:55.801Z] INFO  [http] GET / → 304 (26ms)
[2026-05-02T23:58:55.819Z] WARN  [http] 404 GET /uploads/1777764117835-gdveu9bty4m.jpg
[2026-05-02T23:58:55.820Z] WARN  [http] GET /uploads/1777764117835-gdveu9bty4m.jpg → 404 (8ms)
[2026-05-02T23:58:56.195Z] INFO  [http] GET / → 200 (445ms)
[2026-05-02T23:58:56.238Z] INFO  [http] GET /1777766148910-dmxgvg4o8do.jpg → 304 (6ms)
[2026-05-02T23:58:56.248Z] INFO  [http] GET /1777766175968-mr4pyt64f7c.jpg → 304 (13ms)
[2026-05-02T23:58:56.239Z] INFO  [http] GET /1777766156127-qgt5yfrihnp.jpg → 304 (5ms)
[2026-05-02T23:58:56.251Z] INFO  [http] GET /1777766183033-rq72yu2j609.jpg → 304 (16ms)
[2026-05-02T23:58:56.253Z] INFO  [http] GET /1777766190945-6qow09q4n0n.jpg → 304 (17ms)
[2026-05-02T23:58:56.599Z] INFO  [http] GET / → 304 (394ms)
[2026-05-02T23:58:59.003Z] WARN  [http] 404 GET /uploads/1777764117835-gdveu9bty4m.jpg
[2026-05-02T23:58:59.006Z] WARN  [http] GET /uploads/1777764117835-gdveu9bty4m.jpg → 404 (6ms)
[2026-05-02T23:58:59.033Z] INFO  [http] GET /me → 200 (32ms)
[2026-05-02T23:58:59.049Z] INFO  [http] GET /me → 304 (7ms)
[2026-05-02T23:59:00.048Z] WARN  [http] 404 GET /uploads/1777764117835-gdveu9bty4m.jpg
[2026-05-02T23:59:00.051Z] WARN  [http] GET /uploads/1777764117835-gdveu9bty4m.jpg → 404 (4ms)
[2026-05-02T23:59:00.069Z] INFO  [http] GET / → 200 (15ms)
[2026-05-02T23:59:00.081Z] INFO  [http] GET / → 304 (4ms)
[2026-05-02T23:59:02.513Z] INFO  [http] GET /26 → 200 (6ms)
[2026-05-02T23:59:03.566Z] WARN  [http] 404 GET /uploads/1777764117835-gdveu9bty4m.jpg
[2026-05-02T23:59:03.567Z] WARN  [http] GET /uploads/1777764117835-gdveu9bty4m.jpg → 404 (4ms)
[2026-05-02T23:59:03.569Z] INFO  [http] GET /26 → 304 (8ms)
[2026-05-02T23:59:03.587Z] INFO  [http] GET /26 → 304 (6ms)
[2026-05-02T23:59:23.311Z] INFO  [payment] CyberSource — orden: 26, monto: $12055 COP (≈$3.01 USD)
[2026-05-02T23:59:23.312Z] INFO  [payment.request] → CyberSource POST /pts/v2/payments/
  Detail: {
  "clientReferenceInformation": {
    "code": "ORDER-26-1777766363310",
    "transactionLocalDateTime": "20260502235923"
  },
  "processingInformation": {
    "commerceIndicator": "internet"
  },
  "orderInformation": {
    "billTo": {
      "firstName": "JHON",
      "lastName": "DOE",
      "address1": "Carrera 78 #16d -71, T 2 Apto 1814",
      "address2": "prueba",
      "postalCode": "110111",
      "locality": "cali",
      "administrativeArea": "CO",
      "country": "CO",
      "phoneNumber": "2569822544",
      "email": "cliente@artesanias.com"
    },
    "lineItems": [
      {
        "productCode": "default",
        "productName": "camiseta homber",
        "quantity": "1",
        "unitPrice": "0.01",
        "totalAmount": "0.01"
      }
    ],
    "amountDetails": {
      "totalAmount": "3.01",
      "currency": "USD"
    }
  },
  "paymentInformation": {
    "card": {
      "number": "************1111",
      "expirationMonth": "12",
      "expirationYear": "2031",
      "securityCode": "***",
      "type": "001"
    }
  }
}
[2026-05-02T23:59:23.898Z] INFO  [payment.response] ← CyberSource status: AUTHORIZED id: 7777663637546555604805
  Detail: {
  "_links": {
    "authReversal": {
      "method": "POST",
      "href": "/pts/v2/payments/7777663637546555604805/reversals"
    },
    "self": {
      "method": "GET",
      "href": "/pts/v2/payments/7777663637546555604805"
    },
    "capture": {
      "method": "POST",
      "href": "/pts/v2/payments/7777663637546555604805/captures"
    }
  },
  "clientReferenceInformation": {
    "code": "ORDER-26-1777766363310"
  },
  "id": "7777663637546555604805",
  "issuerInformation": {
    "country": "840"
  },
  "orderInformation": {
    "amountDetails": {
      "authorizedAmount": "3.01",
      "currency": "USD"
    }
  },
  "paymentAccountInformation": {
    "card": {
      "type": "001"
    }
  },
  "paymentInformation": {
    "accountFeatures": {
      "commercial": "Y",
      "regulated": "Y",
      "prepaid": "Y",
      "healthCare": "Y",
      "payroll": "Y",
      "level3Eligible": "Y",
      "affluenceIndicator": "Y",
      "signatureDebit": "Y",
      "pinlessDebit": "Y"
    },
    "tokenizedCard": {
      "type": "001"
    },
    "card": {
      "type": "001"
    }
  },
  "pointOfSaleInformation": {
    "terminalId": "123456"
  },
  "processorInformation": {
    "approvalCode": "888888",
    "networkTransactionId": "123456789619999",
    "transactionId": "123456789619999",
    "responseCode": "100",
    "avs": {
      "code": "1"
    }
  },
  "reconciliationId": "62685710FO71QKJI",
  "status": "AUTHORIZED",
  "submitTimeUtc": "2026-05-02T23:59:23Z"
}
[2026-05-02T23:59:23.899Z] INFO  [http] POST / → 200 (592ms)
[2026-05-02T23:59:23.929Z] INFO  [orders.payment] Orden #26 marcada pagada — CS ID: 7777663637546555604805
[2026-05-02T23:59:23.931Z] INFO  [http] PATCH /26/payment → 200 (20ms)
[2026-05-02T23:59:23.979Z] WARN  [http] 404 GET /uploads/1777764117835-gdveu9bty4m.jpg
[2026-05-02T23:59:23.981Z] WARN  [http] GET /uploads/1777764117835-gdveu9bty4m.jpg → 404 (2ms)
[2026-05-02T23:59:23.990Z] INFO  [http] GET / → 200 (7ms)
[2026-05-02T23:59:24.006Z] INFO  [http] GET / → 304 (6ms)
[2026-05-02T23:59:25.518Z] INFO  [http] GET /26 → 200 (7ms)
[2026-05-03T00:00:06.372Z] WARN  [http] 404 GET /uploads/1777764117835-gdveu9bty4m.jpg
[2026-05-03T00:00:06.391Z] WARN  [http] GET /uploads/1777764117835-gdveu9bty4m.jpg → 404 (30ms)
[2026-05-03T00:00:06.886Z] INFO  [http] GET / → 304 (454ms)
[2026-05-03T00:00:06.947Z] INFO  [http] GET /1777766148910-dmxgvg4o8do.jpg → 304 (15ms)
[2026-05-03T00:00:06.959Z] INFO  [http] GET /1777766156127-qgt5yfrihnp.jpg → 304 (25ms)
[2026-05-03T00:00:06.963Z] INFO  [http] GET /1777766190945-6qow09q4n0n.jpg → 304 (28ms)
[2026-05-03T00:00:06.976Z] INFO  [http] GET /1777766197810-nhzoo4ka3za.jpg → 304 (37ms)
[2026-05-03T00:00:06.969Z] INFO  [http] GET /1777766183033-rq72yu2j609.jpg → 304 (31ms)
[2026-05-03T00:00:06.972Z] INFO  [http] GET /1777766175968-mr4pyt64f7c.jpg → 304 (33ms)
[2026-05-03T00:00:07.347Z] INFO  [http] GET / → 304 (443ms)
[2026-05-03T00:00:12.874Z] WARN  [http] 404 GET /uploads/1777764117835-gdveu9bty4m.jpg
[2026-05-03T00:00:12.879Z] WARN  [http] GET /uploads/1777764117835-gdveu9bty4m.jpg → 404 (6ms)
[2026-05-03T00:00:12.893Z] INFO  [http] GET / → 304 (9ms)
[2026-05-03T00:00:12.907Z] INFO  [http] GET / → 304 (3ms)
[2026-05-03T00:00:14.210Z] WARN  [http] 404 GET /uploads/1777764117835-gdveu9bty4m.jpg
[2026-05-03T00:00:14.219Z] WARN  [http] GET /uploads/1777764117835-gdveu9bty4m.jpg → 404 (10ms)
[2026-05-03T00:00:14.642Z] INFO  [http] GET / → 304 (416ms)
[2026-05-03T00:00:15.081Z] INFO  [http] GET / → 304 (401ms)
[2026-05-03T00:00:18.630Z] WARN  [http] 404 GET /uploads/1777764117835-gdveu9bty4m.jpg
[2026-05-03T00:00:18.637Z] WARN  [http] GET /uploads/1777764117835-gdveu9bty4m.jpg → 404 (8ms)
[2026-05-03T00:00:18.645Z] INFO  [http] GET /me → 304 (6ms)
[2026-05-03T00:00:18.665Z] INFO  [http] GET /me → 304 (7ms)
[2026-05-03T00:00:18.676Z] WARN  [http] 404 GET /uploads/1777764117835-gdveu9bty4m.jpg
[2026-05-03T00:00:18.677Z] WARN  [http] GET /uploads/1777764117835-gdveu9bty4m.jpg → 404 (1ms)
[2026-05-03T00:00:24.025Z] INFO  [http] POST /image → 200 (27ms)
[2026-05-03T00:00:24.044Z] INFO  [[updateMe]] Actualizando perfil ID=2
[2026-05-03T00:00:24.049Z] INFO  [http] GET /1777766424003-e1lj8513pxp.jpg → 200 (9ms)
[2026-05-03T00:00:24.063Z] INFO  [http] PUT /me → 200 (22ms)
[2026-05-03T00:00:24.303Z] INFO  [[updateMe]] Actualizando perfil ID=2
[2026-05-03T00:00:24.308Z] INFO  [http] PUT /me → 200 (8ms)
[2026-05-03T00:00:26.177Z] WARN  [http] 404 GET /uploads/1777764117835-gdveu9bty4m.jpg
[2026-05-03T00:00:26.178Z] WARN  [http] GET /uploads/1777764117835-gdveu9bty4m.jpg → 404 (10ms)
[2026-05-03T00:00:26.627Z] INFO  [http] GET / → 304 (463ms)
[2026-05-03T00:00:27.037Z] INFO  [http] GET / → 304 (395ms)
[2026-05-03T00:00:35.977Z] INFO  [http] GET /me → 200 (4ms)
[2026-05-03T00:00:35.991Z] INFO  [http] GET /me → 304 (6ms)
[2026-05-03T00:00:36.044Z] INFO  [http] GET /1777766424003-e1lj8513pxp.jpg → 304 (1ms)
[2026-05-03T00:00:36.165Z] INFO  [http] GET / → 304 (8ms)
[2026-05-03T00:00:36.228Z] INFO  [http] GET / → 304 (21ms)
[2026-05-03T00:00:36.543Z] INFO  [http] GET / → 304 (388ms)
[2026-05-03T00:00:36.595Z] INFO  [http] GET /1777766148910-dmxgvg4o8do.jpg → 304 (18ms)
[2026-05-03T00:00:36.608Z] INFO  [http] GET /1777766156127-qgt5yfrihnp.jpg → 304 (5ms)
[2026-05-03T00:00:36.610Z] INFO  [http] GET /1777766175968-mr4pyt64f7c.jpg → 304 (6ms)
[2026-05-03T00:00:36.612Z] INFO  [http] GET /1777766183033-rq72yu2j609.jpg → 304 (8ms)
[2026-05-03T00:00:36.619Z] INFO  [http] GET /1777766190945-6qow09q4n0n.jpg → 304 (15ms)
[2026-05-03T00:00:36.623Z] INFO  [http] GET /1777766197810-nhzoo4ka3za.jpg → 304 (18ms)
[2026-05-03T00:00:36.960Z] INFO  [http] GET / → 304 (407ms)
[2026-05-03T00:00:59.001Z] INFO  [http] POST /login → 200 (8ms)
[2026-05-03T00:00:59.058Z] WARN  [http] 404 GET /uploads/1777756521608-e771ybtshm.jpg
[2026-05-03T00:00:59.061Z] WARN  [http] GET /uploads/1777756521608-e771ybtshm.jpg → 404 (4ms)
[2026-05-03T00:00:59.162Z] INFO  [http] GET / → 304 (14ms)
[2026-05-03T00:00:59.168Z] INFO  [http] GET / → 304 (13ms)
[2026-05-03T00:00:59.207Z] INFO  [http] GET / → 304 (31ms)
[2026-05-03T00:00:59.208Z] INFO  [http] GET /1777766190945-6qow09q4n0n.jpg → 304 (9ms)
[2026-05-03T00:00:59.227Z] INFO  [http] GET /1777766148910-dmxgvg4o8do.jpg → 304 (27ms)
[2026-05-03T00:00:59.222Z] INFO  [http] GET /1777766197810-nhzoo4ka3za.jpg → 304 (22ms)
[2026-05-03T00:00:59.229Z] INFO  [http] GET /1777766156127-qgt5yfrihnp.jpg → 304 (28ms)
[2026-05-03T00:00:59.242Z] INFO  [http] GET /1777766175968-mr4pyt64f7c.jpg → 304 (40ms)
[2026-05-03T00:00:59.245Z] INFO  [http] GET /1777766183033-rq72yu2j609.jpg → 304 (41ms)
[2026-05-03T00:01:03.449Z] WARN  [http] 404 GET /uploads/1777756521608-e771ybtshm.jpg
[2026-05-03T00:01:03.452Z] WARN  [http] GET /uploads/1777756521608-e771ybtshm.jpg → 404 (6ms)
[2026-05-03T00:01:03.462Z] INFO  [http] GET / → 200 (8ms)
[2026-05-03T00:01:03.476Z] INFO  [http] GET / → 304 (4ms)
[2026-05-03T00:01:04.853Z] WARN  [http] GET /23 → 403 (6ms)
[2026-05-03T00:01:06.464Z] WARN  [http] GET /19 → 403 (3ms)
[2026-05-03T00:01:10.170Z] INFO  [http] GET / → 304 (12ms)
[2026-05-03T00:01:10.174Z] WARN  [http] 404 GET /uploads/1777756521608-e771ybtshm.jpg
[2026-05-03T00:01:10.176Z] WARN  [http] GET /uploads/1777756521608-e771ybtshm.jpg → 404 (11ms)
[2026-05-03T00:01:10.188Z] INFO  [http] GET / → 304 (17ms)
[2026-05-03T00:01:10.193Z] WARN  [http] GET /stock-alerts → 404 (15ms)
[2026-05-03T00:01:10.204Z] INFO  [http] GET / → 200 (23ms)
[2026-05-03T00:01:10.222Z] INFO  [http] GET / → 304 (12ms)
[2026-05-03T00:01:10.225Z] INFO  [http] GET / → 304 (29ms)
[2026-05-03T00:01:10.242Z] WARN  [http] GET /stock-alerts → 404 (28ms)
[2026-05-03T00:01:10.247Z] INFO  [http] GET / → 304 (16ms)
[2026-05-03T00:01:14.028Z] WARN  [http] 404 GET /uploads/1777756521608-e771ybtshm.jpg
[2026-05-03T00:01:14.031Z] WARN  [http] GET /uploads/1777756521608-e771ybtshm.jpg → 404 (4ms)
[2026-05-03T00:01:14.041Z] INFO  [http] GET / → 304 (5ms)
[2026-05-03T00:01:14.054Z] INFO  [http] GET / → 304 (7ms)
[2026-05-03T00:01:16.245Z] WARN  [http] 404 GET /uploads/1777756521608-e771ybtshm.jpg
[2026-05-03T00:01:16.247Z] WARN  [http] GET /uploads/1777756521608-e771ybtshm.jpg → 404 (3ms)
[2026-05-03T00:01:16.258Z] INFO  [http] GET / → 304 (10ms)
[2026-05-03T00:01:16.270Z] INFO  [http] GET / → 304 (7ms)
[2026-05-03T00:01:16.277Z] INFO  [http] GET /1777766424003-e1lj8513pxp.jpg → 304 (1ms)
[2026-05-03T00:01:18.690Z] WARN  [http] 404 GET /uploads/1777756521608-e771ybtshm.jpg
[2026-05-03T00:01:18.692Z] WARN  [http] GET /uploads/1777756521608-e771ybtshm.jpg → 404 (2ms)
[2026-05-03T00:01:18.702Z] INFO  [http] GET / → 304 (7ms)
[2026-05-03T00:01:18.714Z] INFO  [http] GET / → 304 (4ms)
[2026-05-03T00:01:21.553Z] WARN  [http] 404 GET /uploads/1777756521608-e771ybtshm.jpg
[2026-05-03T00:01:21.557Z] WARN  [http] GET /uploads/1777756521608-e771ybtshm.jpg → 404 (5ms)
[2026-05-03T00:01:21.565Z] INFO  [http] GET / → 304 (6ms)
[2026-05-03T00:01:21.578Z] INFO  [http] GET / → 304 (3ms)
[2026-05-03T00:01:21.592Z] INFO  [http] GET /1777766156127-qgt5yfrihnp.jpg → 304 (2ms)
[2026-05-03T00:01:21.593Z] INFO  [http] GET /1777766148910-dmxgvg4o8do.jpg → 304 (3ms)
[2026-05-03T00:01:21.594Z] INFO  [http] GET /1777766175968-mr4pyt64f7c.jpg → 304 (3ms)
[2026-05-03T00:01:21.609Z] INFO  [http] GET /1777766183033-rq72yu2j609.jpg → 304 (3ms)
[2026-05-03T00:01:21.611Z] INFO  [http] GET /1777766190945-6qow09q4n0n.jpg → 304 (4ms)
[2026-05-03T00:01:21.613Z] INFO  [http] GET /1777766197810-nhzoo4ka3za.jpg → 304 (5ms)
[2026-05-03T00:01:22.855Z] WARN  [http] 404 GET /uploads/1777756521608-e771ybtshm.jpg
[2026-05-03T00:01:22.856Z] WARN  [http] GET /uploads/1777756521608-e771ybtshm.jpg → 404 (2ms)
[2026-05-03T00:01:23.270Z] INFO  [http] GET / → 200 (412ms)
[2026-05-03T00:01:23.655Z] INFO  [http] GET / → 304 (378ms)
[2026-05-03T00:01:25.714Z] WARN  [http] 404 GET /uploads/1777756521608-e771ybtshm.jpg
[2026-05-03T00:01:25.721Z] WARN  [http] GET /uploads/1777756521608-e771ybtshm.jpg → 404 (8ms)
[2026-05-03T00:01:25.729Z] INFO  [http] GET /me → 200 (6ms)
[2026-05-03T00:01:25.743Z] INFO  [http] GET /me → 304 (7ms)
[2026-05-03T00:01:25.747Z] WARN  [http] 404 GET /uploads/1777756521608-e771ybtshm.jpg
[2026-05-03T00:01:25.750Z] WARN  [http] GET /uploads/1777756521608-e771ybtshm.jpg → 404 (3ms)
[2026-05-03T00:01:30.330Z] INFO  [http] POST /image → 200 (5ms)
[2026-05-03T00:01:30.374Z] INFO  [[updateMe]] Actualizando perfil ID=27
[2026-05-03T00:01:30.400Z] INFO  [http] PUT /me → 200 (35ms)
[2026-05-03T00:01:30.411Z] INFO  [http] GET /1777766490327-02n03ypr2zhh.jpg → 200 (47ms)
[2026-05-03T00:01:31.572Z] INFO  [[updateMe]] Actualizando perfil ID=27
[2026-05-03T00:01:31.577Z] INFO  [http] PUT /me → 200 (7ms)
[2026-05-03T00:01:33.491Z] WARN  [http] 404 GET /uploads/1777756521608-e771ybtshm.jpg
[2026-05-03T00:01:33.496Z] WARN  [http] GET /uploads/1777756521608-e771ybtshm.jpg → 404 (6ms)
[2026-05-03T00:01:33.508Z] INFO  [http] GET / → 304 (9ms)
[2026-05-03T00:01:33.519Z] INFO  [http] GET / → 304 (6ms)
[2026-05-03T00:01:33.540Z] INFO  [http] GET /1777766148910-dmxgvg4o8do.jpg → 304 (6ms)
[2026-05-03T00:01:33.541Z] INFO  [http] GET /1777766156127-qgt5yfrihnp.jpg → 304 (6ms)
[2026-05-03T00:01:33.543Z] INFO  [http] GET /1777766175968-mr4pyt64f7c.jpg → 304 (8ms)
[2026-05-03T00:01:33.544Z] INFO  [http] GET /1777766183033-rq72yu2j609.jpg → 304 (6ms)
[2026-05-03T00:01:33.547Z] INFO  [http] GET /1777766190945-6qow09q4n0n.jpg → 304 (8ms)
[2026-05-03T00:01:33.553Z] INFO  [http] GET /1777766197810-nhzoo4ka3za.jpg → 304 (14ms)
[2026-05-03T00:02:01.444Z] WARN  [http] GET /uploads/1777756521608-e771ybtshm.jpg → 404 (3ms)
[2026-05-03T00:02:01.442Z] WARN  [http] 404 GET /uploads/1777756521608-e771ybtshm.jpg
[2026-05-03T00:02:01.453Z] INFO  [http] GET /me → 200 (8ms)
[2026-05-03T00:02:01.487Z] INFO  [http] GET /me → 304 (15ms)
[2026-05-03T00:02:01.496Z] INFO  [http] GET /1777766490327-02n03ypr2zhh.jpg → 304 (1ms)
[2026-05-03T00:02:06.708Z] INFO  [http] GET /me → 304 (69ms)
[2026-05-03T00:02:06.747Z] INFO  [http] GET /me → 304 (21ms)
[2026-05-03T00:02:06.833Z] INFO  [http] GET /1777766490327-02n03ypr2zhh.jpg → 304 (28ms)
[2026-05-03T00:02:07.013Z] INFO  [http] GET /me → 304 (11ms)
[2026-05-03T00:02:07.046Z] INFO  [http] GET / → 304 (25ms)
[2026-05-03T00:02:07.080Z] INFO  [http] GET /me → 304 (8ms)
[2026-05-03T00:02:07.086Z] INFO  [http] GET / → 304 (10ms)
[2026-05-03T00:02:28.275Z] INFO  [http] POST /login → 200 (5ms)
[2026-05-03T00:02:28.324Z] INFO  [http] GET /1777766274445-4j7aaf4efnd.jpg → 304 (2ms)
[2026-05-03T00:02:28.346Z] INFO  [http] GET / → 304 (16ms)
[2026-05-03T00:02:28.353Z] INFO  [http] GET / → 304 (15ms)
[2026-05-03T00:02:28.375Z] INFO  [http] GET / → 304 (15ms)
[2026-05-03T00:02:28.396Z] INFO  [http] GET /1777766148910-dmxgvg4o8do.jpg → 304 (6ms)
[2026-05-03T00:02:28.441Z] INFO  [http] GET /1777766156127-qgt5yfrihnp.jpg → 304 (36ms)
[2026-05-03T00:02:28.447Z] INFO  [http] GET /1777766175968-mr4pyt64f7c.jpg → 304 (27ms)
[2026-05-03T00:02:28.453Z] INFO  [http] GET /1777766183033-rq72yu2j609.jpg → 304 (28ms)
[2026-05-03T00:02:28.459Z] INFO  [http] GET /1777766190945-6qow09q4n0n.jpg → 304 (32ms)
[2026-05-03T00:02:28.462Z] INFO  [http] GET /1777766197810-nhzoo4ka3za.jpg → 304 (33ms)
[2026-05-03T00:02:32.611Z] INFO  [http] GET / → 304 (404ms)
[2026-05-03T00:02:32.999Z] INFO  [http] GET / → 304 (381ms)
[2026-05-03T00:02:33.058Z] INFO  [http] GET / → 200 (3ms)
[2026-05-03T00:02:33.069Z] INFO  [http] GET / → 304 (5ms)
[2026-05-03T00:02:33.076Z] INFO  [http] GET /1777766424003-e1lj8513pxp.jpg → 304 (1ms)
[2026-05-03T00:02:43.408Z] INFO  [http] POST /image → 200 (34ms)
[2026-05-03T00:02:43.447Z] INFO  [http] GET /1777766563378-ajawgxiqf9.jpg → 200 (5ms)
[2026-05-03T00:02:44.898Z] INFO  [http] POST / → 201 (11ms)
[2026-05-03T00:02:44.913Z] INFO  [http] GET / → 200 (4ms)
[2026-05-03T00:02:47.354Z] INFO  [http] GET / → 304 (9ms)
[2026-05-03T00:02:47.365Z] INFO  [http] GET / → 304 (5ms)
[2026-05-03T00:02:56.527Z] INFO  [customers.remove] Cliente ID=40 eliminado
[2026-05-03T00:02:56.528Z] INFO  [http] DELETE /40 → 200 (7ms)
[2026-05-03T00:02:56.547Z] INFO  [http] GET / → 200 (5ms)
[2026-05-03T00:03:02.153Z] INFO  [customers.update] Editando cliente ID=39
  Detail: {
  "full_name": "Velit aut aspern",
  "phone": "133 622-6724",
  "city": "",
  "role": "admin"
}
[2026-05-03T00:03:02.173Z] INFO  [customers.update] Cliente ID=39 actualizado
[2026-05-03T00:03:02.174Z] INFO  [http] PUT /39 → 200 (26ms)
[2026-05-03T00:03:02.207Z] INFO  [http] GET / → 200 (5ms)
[2026-05-03T00:03:06.143Z] INFO  [customers.update] Editando cliente ID=39
  Detail: {
  "full_name": "Velit aut aspern",
  "phone": "133 622-6724",
  "city": "",
  "role": "customer"
}
[2026-05-03T00:03:06.149Z] INFO  [customers.update] Cliente ID=39 actualizado
[2026-05-03T00:03:06.152Z] INFO  [http] PUT /39 → 200 (11ms)
[2026-05-03T00:03:06.169Z] INFO  [http] GET / → 200 (7ms)
[2026-05-03T00:03:09.932Z] INFO  [customers.update] Editando cliente ID=39
  Detail: {
  "full_name": "Velit aut aspern",
  "phone": "133 622-6724",
  "city": "",
  "role": "sale"
}
[2026-05-03T00:03:09.940Z] INFO  [customers.update] Cliente ID=39 actualizado
[2026-05-03T00:03:09.941Z] INFO  [http] PUT /39 → 200 (11ms)
[2026-05-03T00:03:09.960Z] INFO  [http] GET / → 200 (4ms)
[2026-05-03T00:03:16.130Z] INFO  [customers.update] Editando cliente ID=39
  Detail: {
  "full_name": "Velit aut aspern",
  "phone": "133 622-6724",
  "city": "",
  "role": "customer"
}
[2026-05-03T00:03:16.142Z] INFO  [customers.update] Cliente ID=39 actualizado
[2026-05-03T00:03:16.143Z] INFO  [http] PUT /39 → 200 (16ms)
[2026-05-03T00:03:16.162Z] INFO  [http] GET / → 200 (4ms)
[2026-05-03T00:03:17.340Z] INFO  [http] GET / → 304 (6ms)
[2026-05-03T00:03:17.360Z] INFO  [http] GET / → 304 (4ms)
[2026-05-03T00:03:24.730Z] INFO  [customers.update] Editando cliente ID=39
  Detail: {
  "full_name": "Velit aut aspern",
  "phone": "133 622-6724",
  "city": "",
  "role": "sale"
}
[2026-05-03T00:03:24.739Z] INFO  [customers.update] Cliente ID=39 actualizado
[2026-05-03T00:03:24.740Z] INFO  [http] PUT /39 → 200 (11ms)
[2026-05-03T00:03:24.756Z] INFO  [http] GET / → 200 (5ms)
[2026-05-03T00:03:28.233Z] INFO  [http] GET / → 304 (5ms)
[2026-05-03T00:03:28.245Z] INFO  [http] GET / → 304 (3ms)
[2026-05-03T00:03:29.312Z] INFO  [http] GET / → 304 (3ms)
[2026-05-03T00:03:29.360Z] INFO  [http] GET / → 304 (31ms)
[2026-05-03T00:03:29.368Z] INFO  [http] GET /1777766190945-6qow09q4n0n.jpg → 304 (22ms)
[2026-05-03T00:03:29.377Z] INFO  [http] GET /1777766148910-dmxgvg4o8do.jpg → 304 (30ms)
[2026-05-03T00:03:29.380Z] INFO  [http] GET /1777766156127-qgt5yfrihnp.jpg → 304 (27ms)
[2026-05-03T00:03:29.395Z] INFO  [http] GET /1777766175968-mr4pyt64f7c.jpg → 304 (38ms)
[2026-05-03T00:03:29.408Z] INFO  [http] GET /1777766183033-rq72yu2j609.jpg → 304 (49ms)
[2026-05-03T00:03:29.418Z] INFO  [http] GET /1777766197810-nhzoo4ka3za.jpg → 304 (5ms)
[2026-05-03T00:03:38.708Z] INFO  [http] POST /image → 200 (6ms)
[2026-05-03T00:03:38.725Z] INFO  [http] GET /1777766618705-o1ygyy6765f.jpg → 200 (4ms)
[2026-05-03T00:03:40.174Z] INFO  [products.create] Creando producto: Sunt nisi est sequi (SKU: Commodo ut aute volu)
[2026-05-03T00:03:40.182Z] INFO  [products.create] Producto creado ID=9
[2026-05-03T00:03:40.185Z] INFO  [http] POST / → 201 (13ms)
[2026-05-03T00:03:40.199Z] INFO  [http] GET / → 200 (4ms)
[2026-05-03T00:03:46.278Z] INFO  [products.remove] Producto ID=9 eliminado
[2026-05-03T00:03:46.279Z] INFO  [http] DELETE /9 → 200 (25ms)
[2026-05-03T00:03:46.302Z] INFO  [http] GET / → 200 (8ms)
[2026-05-03T00:03:56.334Z] INFO  [products.update] Editando producto ID=8
  Detail: {
  "name": "camisa mujer",
  "price": 82,
  "stock": 90
}
[2026-05-03T00:03:56.341Z] INFO  [products.update] Producto ID=8 actualizado
[2026-05-03T00:03:56.342Z] INFO  [http] PUT /8 → 200 (15ms)
[2026-05-03T00:03:56.358Z] INFO  [http] GET / → 200 (4ms)
[2026-05-03T00:04:01.636Z] INFO  [http] GET / → 304 (3ms)
[2026-05-03T00:04:01.653Z] INFO  [http] GET / → 304 (8ms)
[2026-05-03T00:04:01.661Z] INFO  [http] GET /1777766424003-e1lj8513pxp.jpg → 304 (2ms)
[2026-05-03T00:04:02.665Z] INFO  [http] GET / → 200 (9ms)
[2026-05-03T00:04:02.684Z] INFO  [http] GET / → 304 (11ms)
[2026-05-03T00:04:03.968Z] INFO  [http] GET /28 → 200 (5ms)
[2026-05-03T00:04:05.998Z] INFO  [http] GET /26 → 304 (24ms)
[2026-05-03T00:04:33.159Z] INFO  [http] POST /login → 200 (5ms)
[2026-05-03T00:04:33.288Z] INFO  [http] GET / → 304 (6ms)
[2026-05-03T00:04:33.292Z] INFO  [http] GET / → 304 (8ms)
[2026-05-03T00:04:33.319Z] INFO  [http] GET / → 304 (8ms)
[2026-05-03T00:04:45.253Z] INFO  [http] GET / → 200 (396ms)
[2026-05-03T00:04:45.664Z] INFO  [http] GET / → 304 (402ms)
[2026-05-03T00:05:07.235Z] INFO  [http] POST / → 201 (30ms)
[2026-05-03T00:05:07.282Z] INFO  [http] GET / → 200 (8ms)
[2026-05-03T00:05:07.295Z] INFO  [http] GET / → 304 (5ms)
[2026-05-03T00:05:09.753Z] INFO  [http] GET / → 200 (362ms)
[2026-05-03T00:05:10.148Z] INFO  [http] GET / → 304 (388ms)
[2026-05-03T00:05:37.119Z] INFO  [orders.create] Orden vinculada al cliente ID=21 (marlonaguindab@gmail.com)
[2026-05-03T00:05:37.137Z] INFO  [http] POST / → 201 (21ms)
[2026-05-03T00:05:37.179Z] INFO  [http] GET / → 200 (5ms)
[2026-05-03T00:05:37.194Z] INFO  [http] GET / → 304 (4ms)
[2026-05-03T00:05:39.759Z] INFO  [http] GET / → 200 (6ms)
[2026-05-03T00:05:39.777Z] INFO  [http] GET / → 304 (5ms)
[2026-05-03T00:05:43.316Z] INFO  [http] GET / → 304 (7ms)
[2026-05-03T00:05:43.326Z] INFO  [http] GET / → 304 (3ms)
[2026-05-03T00:05:43.337Z] INFO  [http] GET /1777766424003-e1lj8513pxp.jpg → 304 (2ms)
[2026-05-03T00:05:44.673Z] INFO  [http] GET / → 304 (6ms)
[2026-05-03T00:05:44.686Z] INFO  [http] GET / → 304 (5ms)
[2026-05-03T00:05:47.009Z] WARN  [http] GET /30 → 403 (20ms)
[2026-05-03T00:05:48.994Z] INFO  [http] GET / → 304 (6ms)
[2026-05-03T00:05:49.003Z] INFO  [http] GET / → 304 (7ms)
[2026-05-03T00:05:49.015Z] WARN  [http] GET /stock-alerts → 404 (11ms)
[2026-05-03T00:05:49.023Z] INFO  [http] GET / → 304 (16ms)
[2026-05-03T00:05:49.036Z] INFO  [http] GET / → 304 (25ms)
[2026-05-03T00:05:49.048Z] INFO  [http] GET / → 304 (22ms)
[2026-05-03T00:05:49.065Z] WARN  [http] GET /stock-alerts → 404 (11ms)
[2026-05-03T00:05:49.075Z] INFO  [http] GET / → 304 (17ms)
[2026-05-03T00:05:50.361Z] INFO  [http] GET / → 304 (4ms)
[2026-05-03T00:05:50.374Z] INFO  [http] GET / → 304 (4ms)
[2026-05-03T00:06:02.017Z] INFO  [http] POST / → 200 (253ms)
[2026-05-03T00:06:02.757Z] INFO  [http] GET /me → 200 (3ms)
[2026-05-03T00:06:02.772Z] INFO  [http] GET /me → 304 (10ms)
[2026-05-03T00:06:02.946Z] INFO  [http] GET / → 304 (71ms)
[2026-05-03T00:06:03.026Z] INFO  [http] GET / → 304 (50ms)
[2026-05-03T00:06:03.425Z] INFO  [http] GET / → 200 (553ms)
[2026-05-03T00:06:03.460Z] INFO  [http] GET /1777766148910-dmxgvg4o8do.jpg → 304 (4ms)
[2026-05-03T00:06:03.472Z] INFO  [http] GET /1777766156127-qgt5yfrihnp.jpg → 304 (3ms)
[2026-05-03T00:06:03.478Z] INFO  [http] GET /1777766175968-mr4pyt64f7c.jpg → 304 (7ms)
[2026-05-03T00:06:03.485Z] INFO  [http] GET /1777766183033-rq72yu2j609.jpg → 304 (3ms)
[2026-05-03T00:06:03.487Z] INFO  [http] GET /1777766190945-6qow09q4n0n.jpg → 304 (4ms)
[2026-05-03T00:06:03.489Z] INFO  [http] GET /1777766197810-nhzoo4ka3za.jpg → 304 (6ms)
[2026-05-03T00:06:03.811Z] INFO  [http] GET / → 304 (377ms)
[2026-05-03T00:06:04.869Z] INFO  [http] GET / → 200 (9ms)
[2026-05-03T00:06:04.878Z] INFO  [http] GET / → 304 (5ms)
[2026-05-03T00:06:07.273Z] INFO  [http] GET /30 → 200 (4ms)
[2026-05-03T00:06:17.637Z] INFO  [http] GET /30 → 304 (9ms)
[2026-05-03T00:06:17.652Z] INFO  [http] GET /30 → 304 (9ms)
[2026-05-03T00:06:41.444Z] INFO  [payment] CyberSource — orden: 30, monto: $8780 COP (≈$2.19 USD)
[2026-05-03T00:06:41.450Z] INFO  [payment.request] → CyberSource POST /pts/v2/payments/
  Detail: {
  "clientReferenceInformation": {
    "code": "ORDER-30-1777766801443",
    "transactionLocalDateTime": "20260503000641"
  },
  "processingInformation": {
    "commerceIndicator": "internet"
  },
  "orderInformation": {
    "billTo": {
      "firstName": "BUSTOS",
      "lastName": "Artesanias",
      "address1": "Carrera 78 #16d -71",
      "address2": "Enim commodo officii",
      "postalCode": "110111",
      "locality": "Bogotá",
      "administrativeArea": "CO",
      "country": "CO",
      "phoneNumber": "5238038192",
      "email": "marlonaguindab@gmail.com"
    },
    "lineItems": [
      {
        "productCode": "default",
        "productName": "pantalon",
        "quantity": "13",
        "unitPrice": "0.01",
        "totalAmount": "0.20"
      }
    ],
    "amountDetails": {
      "totalAmount": "2.19",
      "currency": "USD"
    }
  },
  "paymentInformation": {
    "card": {
      "number": "************1111",
      "expirationMonth": "12",
      "expirationYear": "2031",
      "securityCode": "***",
      "type": "001"
    }
  }
}
[2026-05-03T00:06:41.976Z] INFO  [payment.response] ← CyberSource status: AUTHORIZED id: 7777668017866052904806
  Detail: {
  "_links": {
    "authReversal": {
      "method": "POST",
      "href": "/pts/v2/payments/7777668017866052904806/reversals"
    },
    "self": {
      "method": "GET",
      "href": "/pts/v2/payments/7777668017866052904806"
    },
    "capture": {
      "method": "POST",
      "href": "/pts/v2/payments/7777668017866052904806/captures"
    }
  },
  "clientReferenceInformation": {
    "code": "ORDER-30-1777766801443"
  },
  "id": "7777668017866052904806",
  "issuerInformation": {
    "country": "840"
  },
  "orderInformation": {
    "amountDetails": {
      "authorizedAmount": "2.19",
      "currency": "USD"
    }
  },
  "paymentAccountInformation": {
    "card": {
      "type": "001"
    }
  },
  "paymentInformation": {
    "accountFeatures": {
      "commercial": "Y",
      "regulated": "Y",
      "prepaid": "Y",
      "healthCare": "Y",
      "payroll": "Y",
      "level3Eligible": "Y",
      "affluenceIndicator": "Y",
      "signatureDebit": "Y",
      "pinlessDebit": "Y"
    },
    "tokenizedCard": {
      "type": "001"
    },
    "card": {
      "type": "001"
    }
  },
  "pointOfSaleInformation": {
    "terminalId": "123456"
  },
  "processorInformation": {
    "approvalCode": "888888",
    "networkTransactionId": "123456789619999",
    "transactionId": "123456789619999",
    "responseCode": "100",
    "avs": {
      "code": "1"
    }
  },
  "reconciliationId": "626862057O71QKHO",
  "status": "AUTHORIZED",
  "submitTimeUtc": "2026-05-03T00:06:41Z"
}
[2026-05-03T00:06:41.980Z] INFO  [http] POST / → 200 (540ms)
[2026-05-03T00:06:41.998Z] INFO  [orders.payment] Orden #30 marcada pagada — CS ID: 7777668017866052904806
[2026-05-03T00:06:42.002Z] INFO  [http] PATCH /30/payment → 200 (11ms)
[2026-05-03T00:06:42.119Z] INFO  [http] GET / → 200 (13ms)
[2026-05-03T00:06:42.143Z] INFO  [http] GET / → 304 (7ms)
[2026-05-03T00:06:46.695Z] INFO  [http] GET /30 → 200 (5ms)
[2026-05-03T00:07:33.590Z] INFO  [http] GET / → 304 (475ms)
[2026-05-03T00:07:33.619Z] INFO  [http] GET /1777766148910-dmxgvg4o8do.jpg → 304 (1ms)
[2026-05-03T00:07:33.626Z] INFO  [http] GET /1777766156127-qgt5yfrihnp.jpg → 304 (4ms)
[2026-05-03T00:07:33.635Z] INFO  [http] GET /1777766175968-mr4pyt64f7c.jpg → 304 (11ms)
[2026-05-03T00:07:33.637Z] INFO  [http] GET /1777766183033-rq72yu2j609.jpg → 304 (1ms)
[2026-05-03T00:07:33.642Z] INFO  [http] GET /1777766190945-6qow09q4n0n.jpg → 304 (1ms)
[2026-05-03T00:07:33.645Z] INFO  [http] GET /1777766197810-nhzoo4ka3za.jpg → 304 (4ms)
[2026-05-03T00:07:33.985Z] INFO  [http] GET / → 304 (382ms)
[2026-05-03T00:07:38.285Z] INFO  [http] GET / → 304 (397ms)
[2026-05-03T00:07:42.946Z] INFO  [http] GET / → 304 (377ms)
[2026-05-03T00:07:44.368Z] INFO  [http] POST / → 201 (13ms)
[2026-05-03T00:07:44.383Z] INFO  [http] GET / → 200 (5ms)
[2026-05-03T00:07:46.474Z] INFO  [http] GET /me → 304 (4ms)
[2026-05-03T00:07:46.489Z] INFO  [http] GET /me → 304 (5ms)
[2026-05-03T00:08:02.208Z] INFO  [http] POST / → 201 (30ms)
[2026-05-03T00:08:02.225Z] INFO  [http] DELETE / → 200 (4ms)
[2026-05-03T00:08:02.271Z] INFO  [http] GET / → 200 (6ms)
[2026-05-03T00:08:02.282Z] INFO  [http] GET / → 304 (4ms)
[2026-05-03T00:08:03.521Z] INFO  [http] GET /31 → 200 (36ms)
[2026-05-03T00:08:04.283Z] INFO  [http] GET /31 → 304 (11ms)
[2026-05-03T00:08:04.308Z] INFO  [http] GET /31 → 304 (16ms)
[2026-05-03T00:08:10.323Z] INFO  [payment.request] → Pago efectivo registrado
  Detail: {
  "order_id": 31,
  "amount": 10082,
  "phone_number": "2322525216262",
  "method": "efectivo"
}
[2026-05-03T00:08:10.323Z] INFO  [payment.response] ← Efectivo confirmado (contra entrega)
  Detail: {
  "status": "approved",
  "order_id": 31
}
[2026-05-03T00:08:10.325Z] INFO  [http] POST / → 200 (4ms)
[2026-05-03T00:08:10.353Z] INFO  [orders.payment] Orden #31 marcada pagada — CS ID: EFE-1777766890324
[2026-05-03T00:08:10.355Z] INFO  [http] PATCH /31/payment → 200 (19ms)
[2026-05-03T00:08:10.397Z] INFO  [http] GET / → 200 (7ms)
[2026-05-03T00:08:10.411Z] INFO  [http] GET / → 304 (8ms)
[2026-05-03T00:08:11.660Z] INFO  [http] GET /31 → 200 (5ms)
[2026-05-03T00:08:19.110Z] INFO  [http] GET / → 200 (439ms)
[2026-05-03T00:08:19.144Z] INFO  [http] GET /1777766148910-dmxgvg4o8do.jpg → 304 (6ms)
[2026-05-03T00:08:19.153Z] INFO  [http] GET /1777766175968-mr4pyt64f7c.jpg → 304 (14ms)
[2026-05-03T00:08:19.154Z] INFO  [http] GET /1777766183033-rq72yu2j609.jpg → 304 (14ms)
[2026-05-03T00:08:19.146Z] INFO  [http] GET /1777766156127-qgt5yfrihnp.jpg → 304 (8ms)
[2026-05-03T00:08:19.159Z] INFO  [http] GET /1777766190945-6qow09q4n0n.jpg → 304 (3ms)
[2026-05-03T00:08:19.168Z] INFO  [http] GET /1777766197810-nhzoo4ka3za.jpg → 304 (8ms)
[2026-05-03T00:08:19.496Z] INFO  [http] GET / → 304 (376ms)
[2026-05-03T00:08:20.856Z] INFO  [http] GET /me → 304 (5ms)
[2026-05-03T00:08:20.870Z] INFO  [http] GET /me → 304 (4ms)
[2026-05-03T00:08:21.391Z] INFO  [http] GET / → 304 (3ms)
[2026-05-03T00:08:21.404Z] INFO  [http] GET / → 304 (4ms)
[2026-05-03T01:05:27.013Z] INFO  [server] Artesanías Colombianas API corriendo en http://localhost:3001
[2026-05-03T01:05:27.015Z] INFO  [server] Logs guardados en: logs/app.log
[2026-05-03T01:06:13.256Z] INFO  [http] GET /me → 200 (631ms)
[2026-05-03T01:06:13.390Z] WARN  [http] 404 GET /uploads/1777769354616-b66kaub06nu.jpg
[2026-05-03T01:06:13.442Z] WARN  [http] GET /uploads/1777769354616-b66kaub06nu.jpg → 404 (65ms)
[2026-05-03T01:06:13.468Z] INFO  [http] GET /me → 304 (152ms)
[2026-05-03T01:06:14.044Z] INFO  [http] GET / → 304 (49ms)
[2026-05-03T01:06:14.112Z] INFO  [http] GET / → 304 (107ms)
[2026-05-03T01:06:14.149Z] WARN  [http] 404 GET /uploads/1777769274610-b0ytdd85rku.jpg
[2026-05-03T01:06:14.163Z] WARN  [http] GET /uploads/1777769274610-b0ytdd85rku.jpg → 404 (24ms)
[2026-05-03T01:06:14.176Z] WARN  [http] 404 GET /uploads/1777769390256-xuvrr3eqkbn.jpg
[2026-05-03T01:06:14.195Z] WARN  [http] GET /uploads/1777769390256-xuvrr3eqkbn.jpg → 404 (54ms)
[2026-05-03T01:06:14.217Z] WARN  [http] 404 GET /uploads/1777769573652-f9xyinsxgnn.jpg
[2026-05-03T01:06:14.232Z] WARN  [http] GET /uploads/1777769573652-f9xyinsxgnn.jpg → 404 (90ms)
[2026-05-03T01:06:14.241Z] WARN  [http] 404 GET /uploads/1777769581186-gggx0g42oe.jpg
[2026-05-03T01:06:14.254Z] WARN  [http] GET /uploads/1777769581186-gggx0g42oe.jpg → 404 (111ms)
[2026-05-03T01:06:14.263Z] WARN  [http] 404 GET /uploads/1777769592391-0onfutq4vudk.jpg
[2026-05-03T01:06:14.266Z] WARN  [http] GET /uploads/1777769592391-0onfutq4vudk.jpg → 404 (121ms)
[2026-05-03T01:06:14.273Z] WARN  [http] 404 GET /uploads/1777769598982-ntpiwnet47m.jpg
[2026-05-03T01:06:14.276Z] WARN  [http] GET /uploads/1777769598982-ntpiwnet47m.jpg → 404 (129ms)
[2026-05-03T01:06:14.335Z] INFO  [http] GET / → 304 (39ms)
[2026-05-03T01:06:14.350Z] INFO  [http] GET / → 304 (46ms)
[2026-05-03T01:07:07.025Z] WARN  [http] 404 GET /uploads/1777769274610-b0ytdd85rku.jpg
[2026-05-03T01:07:07.027Z] WARN  [http] GET /uploads/1777769274610-b0ytdd85rku.jpg → 404 (3ms)
[2026-05-03T01:07:13.317Z] INFO  [http] POST /image → 200 (158ms)
[2026-05-03T01:07:13.498Z] INFO  [http] GET /1777770433249-0s4zsyi5x2w.jpg → 200 (58ms)
[2026-05-03T01:07:16.624Z] INFO  [products.update] Editando producto ID=8
  Detail: {
  "name": "camisa mujer",
  "price": 82,
  "stock": 89
}
[2026-05-03T01:07:16.634Z] INFO  [products.update] Producto ID=8 actualizado
[2026-05-03T01:07:16.635Z] INFO  [http] PUT /8 → 200 (15ms)
[2026-05-03T01:07:16.655Z] INFO  [http] GET / → 200 (4ms)
[2026-05-03T01:07:16.673Z] WARN  [http] 404 GET /uploads/1777769390256-xuvrr3eqkbn.jpg
[2026-05-03T01:07:16.675Z] WARN  [http] GET /uploads/1777769390256-xuvrr3eqkbn.jpg → 404 (2ms)
[2026-05-03T01:07:16.690Z] WARN  [http] 404 GET /uploads/1777769573652-f9xyinsxgnn.jpg
[2026-05-03T01:07:16.691Z] WARN  [http] GET /uploads/1777769573652-f9xyinsxgnn.jpg → 404 (8ms)
[2026-05-03T01:07:16.692Z] WARN  [http] 404 GET /uploads/1777769581186-gggx0g42oe.jpg
[2026-05-03T01:07:16.695Z] WARN  [http] GET /uploads/1777769581186-gggx0g42oe.jpg → 404 (9ms)
[2026-05-03T01:07:16.701Z] WARN  [http] 404 GET /uploads/1777769592391-0onfutq4vudk.jpg
[2026-05-03T01:07:16.703Z] WARN  [http] GET /uploads/1777769592391-0onfutq4vudk.jpg → 404 (16ms)
[2026-05-03T01:07:16.704Z] WARN  [http] 404 GET /uploads/1777769598982-ntpiwnet47m.jpg
[2026-05-03T01:07:16.706Z] WARN  [http] GET /uploads/1777769598982-ntpiwnet47m.jpg → 404 (17ms)
[2026-05-03T01:07:17.585Z] WARN  [http] 404 GET /uploads/1777769390256-xuvrr3eqkbn.jpg
[2026-05-03T01:07:17.586Z] WARN  [http] GET /uploads/1777769390256-xuvrr3eqkbn.jpg → 404 (2ms)
[2026-05-03T01:07:21.586Z] INFO  [http] POST /image → 200 (30ms)
[2026-05-03T01:07:21.606Z] INFO  [http] GET /1777770441559-x5d67v0nwlk.jpg → 200 (3ms)
[2026-05-03T01:07:23.692Z] INFO  [products.update] Editando producto ID=7
  Detail: {
  "name": "camisa mujer",
  "price": 10000,
  "stock": 83
}
[2026-05-03T01:07:23.702Z] INFO  [products.update] Producto ID=7 actualizado
[2026-05-03T01:07:23.703Z] INFO  [http] PUT /7 → 200 (14ms)
[2026-05-03T01:07:23.758Z] INFO  [http] GET / → 200 (8ms)
[2026-05-03T01:07:23.793Z] WARN  [http] 404 GET /uploads/1777769573652-f9xyinsxgnn.jpg
[2026-05-03T01:07:23.804Z] WARN  [http] GET /uploads/1777769573652-f9xyinsxgnn.jpg → 404 (12ms)
[2026-05-03T01:07:23.808Z] WARN  [http] 404 GET /uploads/1777769581186-gggx0g42oe.jpg
[2026-05-03T01:07:23.814Z] WARN  [http] GET /uploads/1777769581186-gggx0g42oe.jpg → 404 (7ms)
[2026-05-03T01:07:23.818Z] WARN  [http] 404 GET /uploads/1777769592391-0onfutq4vudk.jpg
[2026-05-03T01:07:23.822Z] WARN  [http] GET /uploads/1777769592391-0onfutq4vudk.jpg → 404 (15ms)
[2026-05-03T01:07:23.825Z] WARN  [http] 404 GET /uploads/1777769598982-ntpiwnet47m.jpg
[2026-05-03T01:07:23.828Z] WARN  [http] GET /uploads/1777769598982-ntpiwnet47m.jpg → 404 (21ms)
[2026-05-03T01:07:25.623Z] WARN  [http] 404 GET /uploads/1777769573652-f9xyinsxgnn.jpg
[2026-05-03T01:07:25.625Z] WARN  [http] GET /uploads/1777769573652-f9xyinsxgnn.jpg → 404 (2ms)
[2026-05-03T01:07:29.716Z] INFO  [http] POST /image → 200 (15ms)
[2026-05-03T01:07:29.739Z] INFO  [http] GET /1777770449703-khjjdxd1xnk.jpg → 200 (8ms)
[2026-05-03T01:07:31.431Z] INFO  [products.update] Editando producto ID=6
  Detail: {
  "name": "camisa mujer",
  "price": 68,
  "stock": 22
}
[2026-05-03T01:07:31.435Z] INFO  [products.update] Producto ID=6 actualizado
[2026-05-03T01:07:31.437Z] INFO  [http] PUT /6 → 200 (10ms)
[2026-05-03T01:07:31.458Z] INFO  [http] GET / → 200 (5ms)
[2026-05-03T01:07:31.495Z] WARN  [http] 404 GET /uploads/1777769581186-gggx0g42oe.jpg
[2026-05-03T01:07:31.507Z] WARN  [http] GET /uploads/1777769581186-gggx0g42oe.jpg → 404 (16ms)
[2026-05-03T01:07:31.533Z] WARN  [http] 404 GET /uploads/1777769592391-0onfutq4vudk.jpg
[2026-05-03T01:07:31.545Z] WARN  [http] GET /uploads/1777769592391-0onfutq4vudk.jpg → 404 (51ms)
[2026-05-03T01:07:31.565Z] WARN  [http] 404 GET /uploads/1777769598982-ntpiwnet47m.jpg
[2026-05-03T01:07:31.568Z] WARN  [http] GET /uploads/1777769598982-ntpiwnet47m.jpg → 404 (36ms)
[2026-05-03T01:07:33.737Z] WARN  [http] 404 GET /uploads/1777769354616-b66kaub06nu.jpg
[2026-05-03T01:07:33.746Z] WARN  [http] GET /uploads/1777769354616-b66kaub06nu.jpg → 404 (9ms)
[2026-05-03T01:07:33.770Z] INFO  [http] GET /me → 304 (14ms)
[2026-05-03T01:07:33.787Z] INFO  [http] GET /me → 304 (6ms)
[2026-05-03T01:07:33.791Z] WARN  [http] 404 GET /uploads/1777769354616-b66kaub06nu.jpg
[2026-05-03T01:07:33.804Z] WARN  [http] GET /uploads/1777769354616-b66kaub06nu.jpg → 404 (14ms)
[2026-05-03T01:07:39.002Z] INFO  [http] POST /image → 200 (37ms)
[2026-05-03T01:07:39.021Z] INFO  [[updateMe]] Actualizando perfil ID=1
[2026-05-03T01:07:39.043Z] INFO  [http] GET /1777770458968-bm018h8b1s8.jpg → 200 (23ms)
[2026-05-03T01:07:39.115Z] INFO  [http] PUT /me → 200 (96ms)
[2026-05-03T01:07:40.051Z] INFO  [[updateMe]] Actualizando perfil ID=1
[2026-05-03T01:07:40.056Z] INFO  [http] PUT /me → 200 (6ms)
[2026-05-03T01:07:42.045Z] WARN  [http] 404 GET /uploads/1777769354616-b66kaub06nu.jpg
[2026-05-03T01:07:42.051Z] WARN  [http] GET /uploads/1777769354616-b66kaub06nu.jpg → 404 (6ms)
[2026-05-03T01:07:42.067Z] INFO  [http] GET / → 200 (14ms)
[2026-05-03T01:07:42.079Z] INFO  [http] GET / → 304 (6ms)
[2026-05-03T01:07:42.092Z] INFO  [http] GET /1777766490327-02n03ypr2zhh.jpg → 200 (4ms)
[2026-05-03T01:07:42.104Z] WARN  [http] 404 GET /uploads/1777769372309-v13anob1fck.jpg
[2026-05-03T01:07:42.117Z] WARN  [http] GET /uploads/1777769372309-v13anob1fck.jpg → 404 (18ms)
[2026-05-03T01:07:42.123Z] INFO  [http] GET /1777766424003-e1lj8513pxp.jpg → 200 (24ms)
[2026-05-03T01:07:43.680Z] WARN  [http] 404 GET /uploads/1777769354616-b66kaub06nu.jpg
[2026-05-03T01:07:43.687Z] WARN  [http] GET /uploads/1777769354616-b66kaub06nu.jpg → 404 (7ms)
[2026-05-03T01:07:43.716Z] INFO  [http] GET / → 304 (19ms)
[2026-05-03T01:07:43.745Z] INFO  [http] GET / → 304 (21ms)
[2026-05-03T01:07:46.922Z] WARN  [http] 404 GET /uploads/1777769354616-b66kaub06nu.jpg
[2026-05-03T01:07:46.930Z] INFO  [http] GET / → 304 (17ms)
[2026-05-03T01:07:46.924Z] WARN  [http] GET /uploads/1777769354616-b66kaub06nu.jpg → 404 (7ms)
[2026-05-03T01:07:46.948Z] INFO  [http] GET / → 304 (28ms)
[2026-05-03T01:07:46.953Z] INFO  [http] GET / → 304 (17ms)
[2026-05-03T01:07:46.981Z] INFO  [http] GET / → 304 (26ms)
[2026-05-03T01:07:46.987Z] INFO  [http] GET / → 304 (21ms)
[2026-05-03T01:07:46.999Z] WARN  [http] GET /stock-alerts → 404 (60ms)
[2026-05-03T01:07:47.012Z] INFO  [http] GET / → 304 (44ms)
[2026-05-03T01:07:47.021Z] WARN  [http] GET /stock-alerts → 404 (4ms)
[2026-05-03T01:07:48.195Z] WARN  [http] 404 GET /uploads/1777769354616-b66kaub06nu.jpg
[2026-05-03T01:07:48.199Z] WARN  [http] GET /uploads/1777769354616-b66kaub06nu.jpg → 404 (7ms)
[2026-05-03T01:07:48.233Z] INFO  [http] GET / → 304 (29ms)
[2026-05-03T01:07:48.252Z] INFO  [http] GET / → 304 (13ms)
[2026-05-03T01:07:49.530Z] WARN  [http] 404 GET /uploads/1777769354616-b66kaub06nu.jpg
[2026-05-03T01:07:49.534Z] WARN  [http] GET /uploads/1777769354616-b66kaub06nu.jpg → 404 (4ms)
[2026-05-03T01:07:49.545Z] INFO  [http] GET / → 304 (10ms)
[2026-05-03T01:07:49.557Z] INFO  [http] GET / → 304 (4ms)
[2026-05-03T01:07:49.567Z] INFO  [http] GET /1777766424003-e1lj8513pxp.jpg → 304 (4ms)
[2026-05-03T01:07:50.972Z] WARN  [http] 404 GET /uploads/1777769354616-b66kaub06nu.jpg
[2026-05-03T01:07:50.974Z] WARN  [http] GET /uploads/1777769354616-b66kaub06nu.jpg → 404 (4ms)
[2026-05-03T01:07:51.489Z] INFO  [http] GET / → 200 (502ms)
[2026-05-03T01:07:51.527Z] WARN  [http] 404 GET /uploads/1777769581186-gggx0g42oe.jpg
[2026-05-03T01:07:51.530Z] WARN  [http] 404 GET /uploads/1777769592391-0onfutq4vudk.jpg
[2026-05-03T01:07:51.533Z] WARN  [http] GET /uploads/1777769592391-0onfutq4vudk.jpg → 404 (10ms)
[2026-05-03T01:07:51.529Z] WARN  [http] GET /uploads/1777769581186-gggx0g42oe.jpg → 404 (6ms)
[2026-05-03T01:07:51.537Z] WARN  [http] 404 GET /uploads/1777769598982-ntpiwnet47m.jpg
[2026-05-03T01:07:51.538Z] WARN  [http] GET /uploads/1777769598982-ntpiwnet47m.jpg → 404 (14ms)
[2026-05-03T01:07:51.543Z] INFO  [http] GET /1777770433249-0s4zsyi5x2w.jpg → 304 (17ms)
[2026-05-03T01:07:51.547Z] INFO  [http] GET /1777770441559-x5d67v0nwlk.jpg → 304 (22ms)
[2026-05-03T01:07:51.551Z] INFO  [http] GET /1777770449703-khjjdxd1xnk.jpg → 304 (24ms)
[2026-05-03T01:07:51.890Z] INFO  [http] GET / → 304 (389ms)
[2026-05-03T01:07:52.630Z] WARN  [http] 404 GET /uploads/1777769354616-b66kaub06nu.jpg
[2026-05-03T01:07:52.634Z] WARN  [http] GET /uploads/1777769354616-b66kaub06nu.jpg → 404 (3ms)
[2026-05-03T01:07:52.644Z] INFO  [http] GET / → 304 (8ms)
[2026-05-03T01:07:52.663Z] INFO  [http] GET / → 304 (8ms)
[2026-05-03T01:07:52.668Z] WARN  [http] 404 GET /uploads/1777769581186-gggx0g42oe.jpg
[2026-05-03T01:07:52.671Z] WARN  [http] GET /uploads/1777769581186-gggx0g42oe.jpg → 404 (4ms)
[2026-05-03T01:07:52.677Z] WARN  [http] 404 GET /uploads/1777769592391-0onfutq4vudk.jpg
[2026-05-03T01:07:52.683Z] WARN  [http] GET /uploads/1777769592391-0onfutq4vudk.jpg → 404 (10ms)
[2026-05-03T01:07:52.685Z] WARN  [http] GET /uploads/1777769598982-ntpiwnet47m.jpg → 404 (11ms)
[2026-05-03T01:07:52.684Z] WARN  [http] 404 GET /uploads/1777769598982-ntpiwnet47m.jpg
[2026-05-03T01:08:12.065Z] WARN  [http] 404 GET /uploads/1777769354616-b66kaub06nu.jpg
[2026-05-03T01:08:12.069Z] WARN  [http] GET /uploads/1777769354616-b66kaub06nu.jpg → 404 (5ms)
[2026-05-03T01:08:12.104Z] INFO  [http] GET / → 304 (33ms)
[2026-05-03T01:08:12.131Z] INFO  [http] GET / → 304 (15ms)
[2026-05-03T01:08:16.611Z] WARN  [http] 404 GET /uploads/1777769354616-b66kaub06nu.jpg
[2026-05-03T01:08:16.616Z] WARN  [http] GET /uploads/1777769354616-b66kaub06nu.jpg → 404 (6ms)
[2026-05-03T01:08:16.629Z] INFO  [http] GET / → 304 (12ms)
[2026-05-03T01:08:16.640Z] INFO  [http] GET / → 304 (5ms)
[2026-05-03T01:08:18.995Z] WARN  [http] 404 GET /uploads/1777769354616-b66kaub06nu.jpg
[2026-05-03T01:08:18.998Z] WARN  [http] GET /uploads/1777769354616-b66kaub06nu.jpg → 404 (4ms)
[2026-05-03T01:08:19.010Z] INFO  [http] GET /me → 200 (10ms)
[2026-05-03T01:08:19.023Z] INFO  [http] GET /me → 304 (4ms)
[2026-05-03T01:08:19.029Z] INFO  [http] GET /1777770458968-bm018h8b1s8.jpg → 304 (2ms)
[2026-05-03T01:08:21.234Z] INFO  [http] GET /me → 304 (38ms)
[2026-05-03T01:08:21.285Z] INFO  [http] GET /me → 304 (16ms)
[2026-05-03T01:08:21.337Z] INFO  [http] GET /1777770458968-bm018h8b1s8.jpg → 304 (18ms)
[2026-05-03T01:08:21.461Z] INFO  [http] GET /me → 304 (29ms)
[2026-05-03T01:08:21.504Z] INFO  [http] GET / → 304 (63ms)
[2026-05-03T01:08:21.531Z] INFO  [http] GET /me → 304 (49ms)
[2026-05-03T01:08:21.547Z] INFO  [http] GET / → 304 (14ms)
[2026-05-03T01:08:40.020Z] INFO  [http] POST / → 200 (279ms)
[2026-05-03T01:08:40.750Z] INFO  [http] GET /me → 200 (5ms)
[2026-05-03T01:08:40.799Z] INFO  [http] GET /me → 304 (11ms)
[2026-05-03T01:08:40.972Z] INFO  [http] GET / → 304 (25ms)
[2026-05-03T01:08:41.128Z] INFO  [http] GET / → 304 (24ms)
[2026-05-03T01:08:41.394Z] INFO  [http] GET / → 200 (444ms)
[2026-05-03T01:08:41.433Z] WARN  [http] 404 GET /uploads/1777769581186-gggx0g42oe.jpg
[2026-05-03T01:08:41.434Z] WARN  [http] GET /uploads/1777769581186-gggx0g42oe.jpg → 404 (10ms)
[2026-05-03T01:08:41.437Z] WARN  [http] 404 GET /uploads/1777769592391-0onfutq4vudk.jpg
[2026-05-03T01:08:41.440Z] WARN  [http] GET /uploads/1777769592391-0onfutq4vudk.jpg → 404 (9ms)
[2026-05-03T01:08:41.447Z] WARN  [http] 404 GET /uploads/1777769598982-ntpiwnet47m.jpg
[2026-05-03T01:08:41.449Z] WARN  [http] GET /uploads/1777769598982-ntpiwnet47m.jpg → 404 (17ms)
[2026-05-03T01:08:41.452Z] INFO  [http] GET /1777770433249-0s4zsyi5x2w.jpg → 304 (20ms)
[2026-05-03T01:08:41.461Z] INFO  [http] GET /1777770441559-x5d67v0nwlk.jpg → 304 (29ms)
[2026-05-03T01:08:41.463Z] INFO  [http] GET /1777770449703-khjjdxd1xnk.jpg → 304 (30ms)
[2026-05-03T01:08:41.781Z] INFO  [http] GET / → 304 (381ms)
[2026-05-03T01:08:46.000Z] INFO  [http] GET /2 → 200 (4ms)
[2026-05-03T01:08:46.042Z] WARN  [http] 404 GET /uploads/1777769598982-ntpiwnet47m.jpg
[2026-05-03T01:08:46.052Z] WARN  [http] GET /uploads/1777769598982-ntpiwnet47m.jpg → 404 (14ms)
[2026-05-03T01:08:46.069Z] INFO  [http] GET /2 → 304 (56ms)
[2026-05-03T01:08:46.427Z] INFO  [http] GET / → 200 (425ms)
[2026-05-03T01:08:46.484Z] WARN  [http] 404 GET /uploads/1777769581186-gggx0g42oe.jpg
[2026-05-03T01:08:46.485Z] WARN  [http] GET /uploads/1777769581186-gggx0g42oe.jpg → 404 (16ms)
[2026-05-03T01:08:46.499Z] WARN  [http] GET /uploads/1777769592391-0onfutq4vudk.jpg → 404 (21ms)
[2026-05-03T01:08:46.489Z] WARN  [http] 404 GET /uploads/1777769592391-0onfutq4vudk.jpg
[2026-05-03T01:08:46.880Z] INFO  [http] GET / → 304 (438ms)
[2026-05-03T01:08:48.994Z] INFO  [http] GET /me → 304 (4ms)
[2026-05-03T01:08:49.015Z] INFO  [http] GET /me → 304 (12ms)
[2026-05-03T01:08:50.160Z] INFO  [http] GET / → 200 (11ms)
[2026-05-03T01:08:50.192Z] INFO  [http] GET / → 304 (21ms)
[2026-05-03T01:08:51.911Z] INFO  [http] GET /32 → 304 (16ms)
[2026-05-03T01:08:54.773Z] INFO  [http] GET /31 → 304 (7ms)
[2026-05-03T01:09:54.008Z] INFO  [http] GET /30 → 304 (10ms)
[2026-05-03T01:10:07.119Z] INFO  [http] GET /28 → 200 (10ms)
[2026-05-03T01:10:11.823Z] INFO  [http] GET /28 → 304 (13ms)
[2026-05-03T01:10:11.853Z] INFO  [http] GET /28 → 304 (5ms)
[2026-05-03T01:10:36.461Z] INFO  [payment] CyberSource — orden: 28, monto: $8055 COP (≈$2.01 USD)
[2026-05-03T01:10:36.464Z] INFO  [payment.request] → CyberSource POST /pts/v2/payments/
  Detail: {
  "clientReferenceInformation": {
    "code": "ORDER-28-1777770636457",
    "transactionLocalDateTime": "20260503011036"
  },
  "processingInformation": {
    "commerceIndicator": "internet"
  },
  "orderInformation": {
    "billTo": {
      "firstName": "JHON",
      "lastName": "DOE",
      "address1": "Carrera 78 #16d -71",
      "address2": "Voluptas et molestia",
      "postalCode": "110111",
      "locality": "Bogotá",
      "administrativeArea": "CO",
      "country": "CO",
      "phoneNumber": "2194587234",
      "email": "marlonaguindab@gmail.com"
    },
    "lineItems": [
      {
        "productCode": "default",
        "productName": "camiseta homber",
        "quantity": "1",
        "unitPrice": "0.01",
        "totalAmount": "0.01"
      }
    ],
    "amountDetails": {
      "totalAmount": "2.01",
      "currency": "USD"
    }
  },
  "paymentInformation": {
    "card": {
      "number": "************1111",
      "expirationMonth": "12",
      "expirationYear": "2031",
      "securityCode": "***",
      "type": "001"
    }
  }
}
[2026-05-03T01:10:37.273Z] INFO  [payment.response] ← CyberSource status: AUTHORIZED id: 7777706370216009304805
  Detail: {
  "_links": {
    "authReversal": {
      "method": "POST",
      "href": "/pts/v2/payments/7777706370216009304805/reversals"
    },
    "self": {
      "method": "GET",
      "href": "/pts/v2/payments/7777706370216009304805"
    },
    "capture": {
      "method": "POST",
      "href": "/pts/v2/payments/7777706370216009304805/captures"
    }
  },
  "clientReferenceInformation": {
    "code": "ORDER-28-1777770636457"
  },
  "id": "7777706370216009304805",
  "issuerInformation": {
    "country": "840"
  },
  "orderInformation": {
    "amountDetails": {
      "authorizedAmount": "2.01",
      "currency": "USD"
    }
  },
  "paymentAccountInformation": {
    "card": {
      "type": "001"
    }
  },
  "paymentInformation": {
    "accountFeatures": {
      "commercial": "Y",
      "regulated": "Y",
      "prepaid": "Y",
      "healthCare": "Y",
      "payroll": "Y",
      "level3Eligible": "Y",
      "affluenceIndicator": "Y",
      "signatureDebit": "Y",
      "pinlessDebit": "Y"
    },
    "tokenizedCard": {
      "type": "001"
    },
    "card": {
      "type": "001"
    }
  },
  "pointOfSaleInformation": {
    "terminalId": "123456"
  },
  "processorInformation": {
    "approvalCode": "888888",
    "networkTransactionId": "123456789619999",
    "transactionId": "123456789619999",
    "responseCode": "100",
    "avs": {
      "code": "1"
    }
  },
  "reconciliationId": "62685999FO71QJZN",
  "status": "AUTHORIZED",
  "submitTimeUtc": "2026-05-03T01:10:37Z"
}
[2026-05-03T01:10:37.274Z] INFO  [http] POST / → 200 (821ms)
[2026-05-03T01:10:37.291Z] INFO  [orders.payment] Orden #28 marcada pagada — CS ID: 7777706370216009304805
[2026-05-03T01:10:37.294Z] INFO  [http] PATCH /28/payment → 200 (11ms)
[2026-05-03T01:10:37.392Z] INFO  [http] GET / → 200 (5ms)
[2026-05-03T01:10:37.435Z] INFO  [http] GET / → 304 (6ms)
[2026-05-03T01:10:43.263Z] INFO  [http] GET /28 → 200 (9ms)
[2026-05-03T01:10:45.610Z] INFO  [http] GET /30 → 304 (13ms)
[2026-05-03T01:10:46.874Z] INFO  [http] GET /31 → 304 (5ms)
[2026-05-03T01:10:54.697Z] INFO  [http] GET /32 → 304 (18ms)
[2026-05-03T01:11:03.460Z] INFO  [http] GET /27 → 200 (9ms)
[2026-05-03T01:11:07.710Z] INFO  [http] GET /27 → 304 (6ms)
[2026-05-03T01:11:07.724Z] INFO  [http] GET /27 → 304 (7ms)
[2026-05-03T01:11:20.232Z] INFO  [payment] CyberSource — orden: 27, monto: $60 COP (≈$0.01 USD)
[2026-05-03T01:11:20.232Z] INFO  [payment.request] → CyberSource POST /pts/v2/payments/
  Detail: {
  "clientReferenceInformation": {
    "code": "ORDER-27-1777770680231",
    "transactionLocalDateTime": "20260503011120"
  },
  "processingInformation": {
    "commerceIndicator": "internet"
  },
  "orderInformation": {
    "billTo": {
      "firstName": "PRUEBA",
      "lastName": "Artesanias",
      "address1": "Carrera 78 #16d -71",
      "address2": "Autem quaerat sit id",
      "postalCode": "110111",
      "locality": "Bogotá",
      "administrativeArea": "CO",
      "country": "CO",
      "phoneNumber": "2491869222",
      "email": "marlonaguindab@gmail.com"
    },
    "lineItems": [
      {
        "productCode": "default",
        "productName": "pantalon",
        "quantity": "1",
        "unitPrice": "0.01",
        "totalAmount": "0.01"
      }
    ],
    "amountDetails": {
      "totalAmount": "0.01",
      "currency": "USD"
    }
  },
  "paymentInformation": {
    "card": {
      "number": "************1111",
      "expirationMonth": "12",
      "expirationYear": "2031",
      "securityCode": "***",
      "type": "001"
    }
  }
}
[2026-05-03T01:11:20.673Z] INFO  [payment.response] ← CyberSource status: AUTHORIZED id: 7777706805146042304805
  Detail: {
  "_links": {
    "authReversal": {
      "method": "POST",
      "href": "/pts/v2/payments/7777706805146042304805/reversals"
    },
    "self": {
      "method": "GET",
      "href": "/pts/v2/payments/7777706805146042304805"
    },
    "capture": {
      "method": "POST",
      "href": "/pts/v2/payments/7777706805146042304805/captures"
    }
  },
  "clientReferenceInformation": {
    "code": "ORDER-27-1777770680231"
  },
  "id": "7777706805146042304805",
  "issuerInformation": {
    "country": "840"
  },
  "orderInformation": {
    "amountDetails": {
      "authorizedAmount": "0.01",
      "currency": "USD"
    }
  },
  "paymentAccountInformation": {
    "card": {
      "type": "001"
    }
  },
  "paymentInformation": {
    "accountFeatures": {
      "commercial": "Y",
      "regulated": "Y",
      "prepaid": "Y",
      "healthCare": "Y",
      "payroll": "Y",
      "level3Eligible": "Y",
      "affluenceIndicator": "Y",
      "signatureDebit": "Y",
      "pinlessDebit": "Y"
    },
    "tokenizedCard": {
      "type": "001"
    },
    "card": {
      "type": "001"
    }
  },
  "pointOfSaleInformation": {
    "terminalId": "123456"
  },
  "processorInformation": {
    "approvalCode": "888888",
    "networkTransactionId": "123456789619999",
    "transactionId": "123456789619999",
    "responseCode": "100",
    "avs": {
      "code": "1"
    }
  },
  "reconciliationId": "62686157ZO71QK7I",
  "status": "AUTHORIZED",
  "submitTimeUtc": "2026-05-03T01:11:20Z"
}
[2026-05-03T01:11:20.674Z] INFO  [http] POST / → 200 (445ms)
[2026-05-03T01:11:20.691Z] INFO  [orders.payment] Orden #27 marcada pagada — CS ID: 7777706805146042304805
[2026-05-03T01:11:20.696Z] INFO  [http] PATCH /27/payment → 200 (11ms)
[2026-05-03T01:11:20.786Z] INFO  [http] GET / → 200 (4ms)
[2026-05-03T01:11:20.814Z] INFO  [http] GET / → 304 (22ms)
[2026-05-03T01:11:22.095Z] INFO  [http] GET /18 → 200 (5ms)
[2026-05-03T01:11:26.131Z] INFO  [http] GET /27 → 200 (7ms)
[2026-05-03T01:11:33.172Z] INFO  [http] GET /31 → 304 (10ms)
[2026-05-03T01:11:37.913Z] INFO  [http] GET /30 → 304 (4ms)
[2026-05-03T01:11:47.813Z] INFO  [http] GET /17 → 200 (12ms)
[2026-05-03T01:11:52.772Z] INFO  [http] GET / → 304 (500ms)
[2026-05-03T01:11:52.812Z] WARN  [http] 404 GET /uploads/1777769581186-gggx0g42oe.jpg
[2026-05-03T01:11:52.813Z] WARN  [http] GET /uploads/1777769581186-gggx0g42oe.jpg → 404 (5ms)
[2026-05-03T01:11:52.815Z] WARN  [http] 404 GET /uploads/1777769592391-0onfutq4vudk.jpg
[2026-05-03T01:11:52.820Z] WARN  [http] GET /uploads/1777769592391-0onfutq4vudk.jpg → 404 (10ms)
[2026-05-03T01:11:52.825Z] WARN  [http] 404 GET /uploads/1777769598982-ntpiwnet47m.jpg
[2026-05-03T01:11:52.827Z] WARN  [http] GET /uploads/1777769598982-ntpiwnet47m.jpg → 404 (17ms)
[2026-05-03T01:11:52.830Z] INFO  [http] GET /1777770433249-0s4zsyi5x2w.jpg → 304 (18ms)
[2026-05-03T01:11:52.832Z] INFO  [http] GET /1777770441559-x5d67v0nwlk.jpg → 304 (21ms)
[2026-05-03T01:11:52.838Z] INFO  [http] GET /1777770449703-khjjdxd1xnk.jpg → 304 (26ms)
[2026-05-03T01:11:53.166Z] INFO  [http] GET / → 304 (388ms)
[2026-05-03T01:11:53.416Z] INFO  [http] GET /me → 304 (4ms)
[2026-05-03T01:11:53.431Z] INFO  [http] GET /me → 304 (5ms)
[2026-05-03T01:11:53.863Z] INFO  [http] GET / → 304 (4ms)
[2026-05-03T01:11:53.878Z] INFO  [http] GET / → 304 (7ms)
[2026-05-03T01:11:54.746Z] INFO  [http] GET / → 304 (374ms)
[2026-05-03T01:11:54.779Z] WARN  [http] 404 GET /uploads/1777769581186-gggx0g42oe.jpg
[2026-05-03T01:11:54.780Z] WARN  [http] GET /uploads/1777769581186-gggx0g42oe.jpg → 404 (5ms)
[2026-05-03T01:11:54.781Z] WARN  [http] 404 GET /uploads/1777769592391-0onfutq4vudk.jpg
[2026-05-03T01:11:54.784Z] WARN  [http] GET /uploads/1777769592391-0onfutq4vudk.jpg → 404 (8ms)
[2026-05-03T01:11:54.786Z] WARN  [http] 404 GET /uploads/1777769598982-ntpiwnet47m.jpg
[2026-05-03T01:11:54.789Z] WARN  [http] GET /uploads/1777769598982-ntpiwnet47m.jpg → 404 (11ms)
[2026-05-03T01:11:55.156Z] INFO  [http] GET / → 304 (398ms)
[2026-05-03T01:12:15.358Z] INFO  [http] POST /login → 200 (8ms)
[2026-05-03T01:12:15.464Z] INFO  [http] GET /1777766490327-02n03ypr2zhh.jpg → 304 (1ms)
[2026-05-03T01:12:15.490Z] INFO  [http] GET / → 304 (20ms)
[2026-05-03T01:12:15.531Z] INFO  [http] GET / → 304 (55ms)
[2026-05-03T01:12:15.562Z] INFO  [http] GET / → 304 (16ms)
[2026-05-03T01:12:15.565Z] WARN  [http] 404 GET /uploads/1777769581186-gggx0g42oe.jpg
[2026-05-03T01:12:15.576Z] WARN  [http] GET /uploads/1777769581186-gggx0g42oe.jpg → 404 (21ms)
[2026-05-03T01:12:15.579Z] WARN  [http] 404 GET /uploads/1777769592391-0onfutq4vudk.jpg
[2026-05-03T01:12:15.581Z] WARN  [http] GET /uploads/1777769592391-0onfutq4vudk.jpg → 404 (22ms)
[2026-05-03T01:12:15.588Z] WARN  [http] 404 GET /uploads/1777769598982-ntpiwnet47m.jpg
[2026-05-03T01:12:15.607Z] WARN  [http] GET /uploads/1777769598982-ntpiwnet47m.jpg → 404 (48ms)
[2026-05-03T01:12:15.612Z] INFO  [http] GET /1777770433249-0s4zsyi5x2w.jpg → 304 (52ms)
[2026-05-03T01:12:15.618Z] INFO  [http] GET /1777770441559-x5d67v0nwlk.jpg → 304 (58ms)
[2026-05-03T01:12:15.629Z] INFO  [http] GET /1777770449703-khjjdxd1xnk.jpg → 304 (68ms)
[2026-05-03T01:12:21.083Z] INFO  [http] GET / → 200 (8ms)
[2026-05-03T01:12:21.102Z] INFO  [http] GET / → 304 (7ms)
[2026-05-03T01:12:22.867Z] WARN  [http] GET /30 → 403 (4ms)
[2026-05-08T23:16:05.548Z] INFO  [server] Artesanías Colombianas API corriendo en http://localhost:3001
[2026-05-08T23:16:05.551Z] INFO  [server] Logs guardados en: logs/app.log
[2026-05-08T23:17:09.532Z] WARN  [http] GET /me → 401 (34ms)
[2026-05-08T23:17:09.604Z] WARN  [http] GET /me → 401 (5ms)
[2026-05-08T23:17:47.427Z] INFO  [http] POST /login → 200 (292ms)
[2026-05-08T23:17:47.515Z] INFO  [http] GET /1777770458968-bm018h8b1s8.jpg → 304 (19ms)
[2026-05-08T23:17:47.763Z] INFO  [http] GET / → 304 (102ms)
[2026-05-08T23:17:47.801Z] INFO  [http] GET / → 304 (126ms)
[2026-05-08T23:17:47.912Z] INFO  [http] GET / → 304 (44ms)
[2026-05-08T23:17:47.953Z] WARN  [http] 404 GET /uploads/1777769581186-gggx0g42oe.jpg
[2026-05-08T23:17:47.960Z] WARN  [http] GET /uploads/1777769581186-gggx0g42oe.jpg → 404 (77ms)
[2026-05-08T23:17:47.982Z] WARN  [http] 404 GET /uploads/1777769592391-0onfutq4vudk.jpg
[2026-05-08T23:17:47.986Z] WARN  [http] GET /uploads/1777769592391-0onfutq4vudk.jpg → 404 (59ms)
[2026-05-08T23:17:47.988Z] WARN  [http] 404 GET /uploads/1777769598982-ntpiwnet47m.jpg
[2026-05-08T23:17:47.993Z] WARN  [http] GET /uploads/1777769598982-ntpiwnet47m.jpg → 404 (66ms)
[2026-05-08T23:17:47.997Z] INFO  [http] GET /1777770433249-0s4zsyi5x2w.jpg → 304 (68ms)
[2026-05-08T23:17:48.002Z] INFO  [http] GET /1777770441559-x5d67v0nwlk.jpg → 304 (54ms)
[2026-05-08T23:17:48.012Z] INFO  [http] GET /1777770449703-khjjdxd1xnk.jpg → 304 (62ms)
[2026-05-08T23:17:52.529Z] WARN  [http] 404 GET /uploads/1777769581186-gggx0g42oe.jpg
[2026-05-08T23:17:52.533Z] WARN  [http] GET /uploads/1777769581186-gggx0g42oe.jpg → 404 (5ms)
[2026-05-08T23:17:59.769Z] WARN  [http] 404 GET /uploads/1777769592391-0onfutq4vudk.jpg
[2026-05-08T23:17:59.785Z] WARN  [http] GET /uploads/1777769592391-0onfutq4vudk.jpg → 404 (17ms)
[2026-05-08T23:18:06.551Z] INFO  [http] POST /image → 200 (90ms)
[2026-05-08T23:18:06.582Z] INFO  [http] GET /1778282286525-jhwp527djd.jpg → 200 (18ms)
[2026-05-08T23:18:07.844Z] INFO  [products.update] Editando producto ID=3
  Detail: {
  "name": "pantalon",
  "price": 60,
  "stock": 39
}
[2026-05-08T23:18:07.872Z] INFO  [products.update] Producto ID=3 actualizado
[2026-05-08T23:18:07.877Z] INFO  [http] PUT /3 → 200 (56ms)
[2026-05-08T23:18:07.922Z] INFO  [http] GET / → 200 (18ms)
[2026-05-08T23:18:07.950Z] WARN  [http] 404 GET /uploads/1777769581186-gggx0g42oe.jpg
[2026-05-08T23:18:07.960Z] WARN  [http] GET /uploads/1777769581186-gggx0g42oe.jpg → 404 (11ms)
[2026-05-08T23:18:07.979Z] WARN  [http] GET /uploads/1777769598982-ntpiwnet47m.jpg → 404 (12ms)
[2026-05-08T23:18:07.968Z] WARN  [http] 404 GET /uploads/1777769598982-ntpiwnet47m.jpg
[2026-05-08T23:18:10.519Z] WARN  [http] 404 GET /uploads/1777769598982-ntpiwnet47m.jpg
[2026-05-08T23:18:10.523Z] WARN  [http] GET /uploads/1777769598982-ntpiwnet47m.jpg → 404 (4ms)
[2026-05-08T23:18:15.153Z] INFO  [http] POST /image → 200 (40ms)
[2026-05-08T23:18:15.169Z] INFO  [http] GET /1778282295116-x9s5z6qi1y9.jpg → 200 (10ms)
[2026-05-08T23:18:16.164Z] INFO  [products.update] Editando producto ID=2
  Detail: {
  "name": "camiseta homber",
  "price": 55,
  "stock": 1
}
[2026-05-08T23:18:16.171Z] INFO  [products.update] Producto ID=2 actualizado
[2026-05-08T23:18:16.177Z] INFO  [http] PUT /2 → 200 (20ms)
[2026-05-08T23:18:16.209Z] INFO  [http] GET / → 200 (10ms)
[2026-05-08T23:18:16.220Z] WARN  [http] 404 GET /uploads/1777769581186-gggx0g42oe.jpg
[2026-05-08T23:18:16.223Z] WARN  [http] GET /uploads/1777769581186-gggx0g42oe.jpg → 404 (3ms)
[2026-05-08T23:42:26.381Z] INFO  [server] Artesanías Colombianas API corriendo en http://localhost:3001
[2026-05-08T23:42:26.383Z] INFO  [server] Logs guardados en: logs/app.log
[2026-05-08T23:42:34.864Z] ERROR [[me]] Unknown column 'avatar' in 'SELECT'
  Detail: Error: Unknown column 'avatar' in 'SELECT'
    at query (C:\Users\lenovo\Documents\1. programacion\Reat\artesanias-colombianas-v27\backend\src\models\db.js:31:34)
    at queryOne (C:\Users\lenovo\Documents\1. programacion\Reat\artesanias-colombianas-v27\backend\src\models\db.js:48:22)
    at me (C:\Users\lenovo\Documents\1. programacion\Reat\artesanias-colombianas-v27\backend\src\controllers\auth.controller.js:97:28)
    at Layer.handle [as handle_request] (C:\Users\lenovo\Documents\1. programacion\Reat\artesanias-colombianas-v27\backend\node_modules\express\lib\router\layer.js:95:5)
    at next (C:\Users\lenovo\Documents\1. programacion\Reat\artesanias-colombianas-v27\backend\node_modules\express\lib\router\route.js:149:13)
    at requireAuth (C:\Users\lenovo\Documents\1. programacion\Reat\artesanias-colombianas-v27\backend\src\middleware\auth.js:16:5)
    at Layer.handle [as handle_request] (C:\Users\lenovo\Documents\1. programacion\Reat\artesanias-colombianas-v27\backend\node_modules\express\lib\router\layer.js:95:5)
    at next (C:\Users\lenovo\Documents\1. programacion\Reat\artesanias-colombianas-v27\backend\node_modules\express\lib\router\route.js:149:13)
    at Route.dispatch (C:\Users\lenovo\Documents\1. programacion\Reat\artesanias-colombianas-v27\backend\node_modules\express\lib\router\route.js:119:3)
    at Layer.handle [as handle_request] (C:\Users\lenovo\Documents\1. programacion\Reat\artesanias-colombianas-v27\backend\node_modules\express\lib\router\layer.js:95:5)
[2026-05-08T23:42:34.876Z] ERROR [http] GET /me → 500 (776ms)
[2026-05-08T23:42:35.074Z] ERROR [[me]] Unknown column 'avatar' in 'SELECT'
  Detail: Error: Unknown column 'avatar' in 'SELECT'
    at query (C:\Users\lenovo\Documents\1. programacion\Reat\artesanias-colombianas-v27\backend\src\models\db.js:31:34)
    at queryOne (C:\Users\lenovo\Documents\1. programacion\Reat\artesanias-colombianas-v27\backend\src\models\db.js:48:22)
    at me (C:\Users\lenovo\Documents\1. programacion\Reat\artesanias-colombianas-v27\backend\src\controllers\auth.controller.js:97:28)
    at Layer.handle [as handle_request] (C:\Users\lenovo\Documents\1. programacion\Reat\artesanias-colombianas-v27\backend\node_modules\express\lib\router\layer.js:95:5)
    at next (C:\Users\lenovo\Documents\1. programacion\Reat\artesanias-colombianas-v27\backend\node_modules\express\lib\router\route.js:149:13)
    at requireAuth (C:\Users\lenovo\Documents\1. programacion\Reat\artesanias-colombianas-v27\backend\src\middleware\auth.js:16:5)
    at Layer.handle [as handle_request] (C:\Users\lenovo\Documents\1. programacion\Reat\artesanias-colombianas-v27\backend\node_modules\express\lib\router\layer.js:95:5)
    at next (C:\Users\lenovo\Documents\1. programacion\Reat\artesanias-colombianas-v27\backend\node_modules\express\lib\router\route.js:149:13)
    at Route.dispatch (C:\Users\lenovo\Documents\1. programacion\Reat\artesanias-colombianas-v27\backend\node_modules\express\lib\router\route.js:119:3)
    at Layer.handle [as handle_request] (C:\Users\lenovo\Documents\1. programacion\Reat\artesanias-colombianas-v27\backend\node_modules\express\lib\router\layer.js:95:5)
[2026-05-08T23:42:35.075Z] ERROR [http] GET /me → 500 (182ms)
[2026-05-08T23:42:37.998Z] WARN  [http] POST /login → 401 (1015ms)
[2026-05-08T23:45:43.402Z] INFO  [server] Artesanías Colombianas API corriendo en http://localhost:3001
[2026-05-08T23:45:43.403Z] INFO  [server] Logs guardados en: logs/app.log
[2026-05-08T23:45:45.409Z] INFO  [http] POST /login → 200 (1290ms)
[2026-05-08T23:45:45.884Z] INFO  [http] GET / → 304 (361ms)
[2026-05-08T23:45:46.364Z] INFO  [http] GET / → 200 (828ms)
[2026-05-08T23:45:46.572Z] INFO  [http] GET / → 304 (179ms)
[2026-05-08T23:49:27.704Z] INFO  [http] GET / → 200 (391ms)
[2026-05-08T23:49:27.887Z] INFO  [http] GET / → 304 (163ms)
[2026-05-08T23:49:32.539Z] INFO  [http] GET / → 304 (165ms)
[2026-05-08T23:49:32.724Z] INFO  [http] GET / → 304 (174ms)
[2026-05-08T23:53:00.440Z] INFO  [http] GET / → 304 (173ms)
[2026-05-08T23:53:00.625Z] INFO  [http] GET / → 304 (170ms)
[2026-05-08T23:53:01.116Z] WARN  [products.getAll] API externa no disponible
  Detail: timeout of 8000ms exceeded
[2026-05-08T23:53:01.119Z] INFO  [http] GET / → 200 (8311ms)
[2026-05-08T23:53:09.327Z] WARN  [products.getAll] API externa no disponible
  Detail: timeout of 8000ms exceeded
[2026-05-08T23:53:09.330Z] INFO  [http] GET / → 304 (8195ms)
[2026-05-08T23:53:17.218Z] INFO  [http] GET /me → 200 (328ms)
[2026-05-08T23:53:17.392Z] INFO  [http] GET /me → 304 (166ms)
[2026-05-08T23:53:17.539Z] WARN  [products.getAll] API externa no disponible
  Detail: timeout of 8000ms exceeded
[2026-05-08T23:53:17.545Z] INFO  [http] GET / → 304 (8208ms)
[2026-05-08T23:53:18.402Z] INFO  [http] GET / → 304 (1022ms)
[2026-05-08T23:53:18.575Z] INFO  [http] GET / → 304 (169ms)
[2026-05-08T23:53:24.370Z] WARN  [products.getAll] API externa no disponible
  Detail: timeout of 8000ms exceeded
[2026-05-08T23:53:24.373Z] INFO  [http] GET / → 200 (8223ms)
[2026-05-08T23:53:25.733Z] WARN  [products.getAll] API externa no disponible
  Detail: timeout of 8000ms exceeded
[2026-05-08T23:53:25.734Z] INFO  [http] GET / → 200 (8356ms)
[2026-05-08T23:53:34.085Z] WARN  [products.getAll] API externa no disponible
  Detail: timeout of 8000ms exceeded
[2026-05-08T23:53:34.093Z] INFO  [http] GET / → 304 (8353ms)
[2026-05-08T23:54:08.714Z] INFO  [http] POST / → 200 (937ms)
[2026-05-08T23:54:09.731Z] INFO  [http] GET /me → 200 (320ms)
[2026-05-08T23:54:09.902Z] INFO  [http] GET /me → 304 (163ms)
[2026-05-08T23:54:10.158Z] INFO  [http] GET / → 200 (333ms)
[2026-05-08T23:54:10.325Z] INFO  [http] GET / → 304 (163ms)
[2026-05-08T23:54:18.001Z] WARN  [products.getAll] API externa no disponible
  Detail: timeout of 8000ms exceeded
[2026-05-08T23:54:18.003Z] INFO  [http] GET / → 200 (8181ms)
[2026-05-08T23:54:26.193Z] WARN  [products.getAll] API externa no disponible
  Detail: timeout of 8000ms exceeded
[2026-05-08T23:54:26.199Z] INFO  [http] GET / → 304 (8188ms)
[2026-05-08T23:56:54.346Z] INFO  [http] GET /1 → 200 (331ms)
[2026-05-08T23:56:54.525Z] INFO  [http] GET /1 → 304 (167ms)
[2026-05-08T23:57:02.211Z] WARN  [products.getAll] API externa no disponible
  Detail: timeout of 8000ms exceeded
[2026-05-08T23:57:02.213Z] INFO  [http] GET / → 200 (8191ms)
[2026-05-08T23:57:10.393Z] WARN  [products.getAll] API externa no disponible
  Detail: timeout of 8000ms exceeded
[2026-05-08T23:57:10.397Z] INFO  [http] GET / → 304 (8178ms)
[2026-05-09T00:00:33.404Z] INFO  [http] POST /login → 200 (326ms)
[2026-05-09T00:00:33.686Z] INFO  [http] GET / → 304 (168ms)
[2026-05-09T00:00:33.700Z] INFO  [http] GET / → 200 (177ms)
[2026-05-09T00:00:33.858Z] INFO  [http] GET / → 304 (164ms)
[2026-05-09T00:00:42.407Z] INFO  [http] POST /image → 200 (49ms)
[2026-05-09T00:00:42.456Z] INFO  [http] GET /1778284842387-j9p9ofmhps.jpg → 200 (32ms)
[2026-05-09T00:00:45.024Z] INFO  [products.update] Editando producto ID=1
  Detail: {
  "name": "Juego de Tazas de Porcelana",
  "price": 85000,
  "stock": 12
}
[2026-05-09T00:00:45.510Z] INFO  [products.update] Producto ID=1 actualizado
[2026-05-09T00:00:45.512Z] INFO  [http] PUT /1 → 200 (824ms)
[2026-05-09T00:00:45.703Z] INFO  [http] GET / → 200 (168ms)
[2026-05-09T00:00:54.120Z] INFO  [http] GET /1 → 200 (176ms)
[2026-05-09T00:00:54.500Z] INFO  [http] GET /1 → 304 (349ms)
[2026-05-09T00:01:00.732Z] INFO  [http] GET / → 304 (174ms)
[2026-05-09T00:01:00.912Z] INFO  [http] GET / → 304 (173ms)
[2026-05-09T00:01:02.170Z] INFO  [http] GET / → 200 (8211ms)
[2026-05-09T00:01:02.152Z] WARN  [products.getAll] API externa no disponible
  Detail: timeout of 8000ms exceeded
[2026-05-09T00:01:10.382Z] WARN  [products.getAll] API externa no disponible
  Detail: timeout of 8000ms exceeded
[2026-05-09T00:01:10.385Z] INFO  [http] GET / → 304 (8207ms)
[2026-05-09T00:07:40.656Z] INFO  [http] POST /image → 200 (26ms)
[2026-05-09T00:07:40.686Z] INFO  [http] GET /1778285260634-zxn860u3zz.jpg → 200 (15ms)
[2026-05-09T00:07:42.630Z] INFO  [products.update] Editando producto ID=2
  Detail: {
  "name": "Plato Decorativo Porcelana",
  "price": 60000,
  "stock": 10
}
[2026-05-09T00:07:43.166Z] INFO  [products.update] Producto ID=2 actualizado
[2026-05-09T00:07:43.169Z] INFO  [http] PUT /2 → 200 (889ms)
[2026-05-09T00:07:43.396Z] INFO  [http] GET / → 200 (174ms)
[2026-05-09T00:07:48.407Z] INFO  [http] POST /login → 200 (177ms)
[2026-05-09T00:07:48.618Z] INFO  [http] GET / → 304 (164ms)
[2026-05-09T00:07:48.629Z] INFO  [http] GET / → 304 (177ms)
[2026-05-09T00:07:48.814Z] INFO  [http] GET / → 304 (177ms)
[2026-05-09T00:11:24.651Z] WARN  [products.getAll] API externa no disponible
  Detail: timeout of 8000ms exceeded
[2026-05-09T00:11:24.653Z] INFO  [http] GET / → 200 (8205ms)
[2026-05-09T00:11:32.853Z] WARN  [products.getAll] API externa no disponible
  Detail: timeout of 8000ms exceeded
[2026-05-09T00:11:32.854Z] INFO  [http] GET / → 304 (8192ms)
[2026-05-09T00:12:47.856Z] INFO  [http] POST /login → 200 (173ms)
[2026-05-09T00:12:48.179Z] INFO  [http] GET / → 304 (175ms)
[2026-05-09T00:12:48.190Z] INFO  [http] GET / → 304 (182ms)
[2026-05-09T00:12:48.236Z] INFO  [http] GET /1778285260634-zxn860u3zz.jpg → 304 (4ms)
[2026-05-09T00:12:48.233Z] INFO  [http] GET /1778284842387-j9p9ofmhps.jpg → 304 (2ms)
[2026-05-09T00:12:48.359Z] INFO  [http] GET / → 304 (173ms)
[2026-05-09T00:13:41.481Z] INFO  [http] POST / → 200 (698ms)
[2026-05-09T00:13:42.634Z] INFO  [http] GET /me → 304 (400ms)
[2026-05-09T00:13:43.184Z] INFO  [http] GET /me → 304 (543ms)
[2026-05-09T00:13:50.927Z] WARN  [products.getAll] API externa no disponible
  Detail: timeout of 8000ms exceeded
[2026-05-09T00:13:50.932Z] INFO  [http] GET / → 200 (8194ms)
[2026-05-09T00:13:50.982Z] INFO  [http] GET /1778284842387-j9p9ofmhps.jpg → 304 (2ms)
[2026-05-09T00:13:50.985Z] INFO  [http] GET /1778285260634-zxn860u3zz.jpg → 304 (5ms)
[2026-05-09T00:13:59.163Z] WARN  [products.getAll] API externa no disponible
  Detail: timeout of 8000ms exceeded
[2026-05-09T00:13:59.165Z] INFO  [http] GET / → 304 (8199ms)
[2026-05-09T00:14:02.530Z] INFO  [http] GET /me → 304 (176ms)
[2026-05-09T00:14:02.760Z] INFO  [http] GET /me → 304 (217ms)
[2026-05-09T00:14:03.387Z] INFO  [http] GET / → 200 (174ms)
[2026-05-09T00:14:04.444Z] ERROR [http] GET / → 500 (21704ms)
[2026-05-09T00:14:07.294Z] INFO  [http] PUT /3 → 200 (1026ms)
[2026-05-09T00:14:07.482Z] INFO  [http] GET / → 200 (178ms)
[2026-05-09T00:14:09.843Z] INFO  [http] PUT /3 → 200 (517ms)
[2026-05-09T00:14:10.041Z] INFO  [http] GET / → 304 (176ms)
[2026-05-09T00:14:10.945Z] INFO  [http] PUT /3 → 200 (974ms)
[2026-05-09T00:14:11.137Z] INFO  [http] GET / → 304 (167ms)
[2026-05-09T00:14:13.899Z] INFO  [http] DELETE /3 → 200 (650ms)
[2026-05-09T00:14:14.101Z] INFO  [http] GET / → 200 (168ms)
[2026-05-09T00:14:27.326Z] WARN  [products.getAll] API externa no disponible
  Detail: timeout of 8000ms exceeded
[2026-05-09T00:14:27.328Z] INFO  [http] GET / → 304 (8206ms)
[2026-05-09T00:14:27.375Z] INFO  [http] GET /1778284842387-j9p9ofmhps.jpg → 304 (4ms)
[2026-05-09T00:14:27.411Z] INFO  [http] GET /1778285260634-zxn860u3zz.jpg → 304 (38ms)
[2026-05-09T00:14:35.534Z] WARN  [products.getAll] API externa no disponible
  Detail: timeout of 8000ms exceeded
[2026-05-09T00:14:35.537Z] INFO  [http] GET / → 304 (8190ms)
[2026-05-09T00:17:54.350Z] WARN  [products.getAll] API externa no disponible
  Detail: timeout of 8000ms exceeded
[2026-05-09T00:17:54.353Z] INFO  [http] GET / → 304 (8337ms)
[2026-05-09T00:18:00.798Z] INFO  [http] POST /login → 200 (165ms)
[2026-05-09T00:18:01.035Z] INFO  [http] GET / → 304 (163ms)
[2026-05-09T00:18:01.055Z] INFO  [http] GET / → 304 (174ms)
[2026-05-09T00:18:01.086Z] INFO  [http] GET /1778284842387-j9p9ofmhps.jpg → 304 (4ms)
[2026-05-09T00:18:01.094Z] INFO  [http] GET /1778285260634-zxn860u3zz.jpg → 304 (1ms)
[2026-05-09T00:18:01.206Z] INFO  [http] GET / → 304 (163ms)
[2026-05-09T00:47:20.613Z] INFO  [server] Artesanías Colombianas API corriendo en http://localhost:3001
[2026-05-09T00:47:20.617Z] INFO  [server] Logs guardados en: logs/app.log
